This is pdfTeX, Version 3.14159265-2.6-1.40.18 (MiKTeX 2.9.6350 64-bit) (preloaded format=pdflatex 2017.9.17)  20 NOV 2017 23:53
entering extended mode
**./chapter3.tex
(chapter3.tex
LaTeX2e <2017-04-15>
Babel <3.10> and hyphenation patterns for 75 language(s) loaded.

("C:\Users\radhouan\AppData\Local\Programs\MiKTeX 2.9\tex\latex\base\article.cl
s"
Document Class: article 2014/09/29 v1.4h Standard LaTeX document class
("C:\Users\radhouan\AppData\Local\Programs\MiKTeX 2.9\tex\latex\base\size12.clo
"
File: size12.clo 2014/09/29 v1.4h Standard LaTeX file (size option)
)
\c@part=\count79
\c@section=\count80
\c@subsection=\count81
\c@subsubsection=\count82
\c@paragraph=\count83
\c@subparagraph=\count84
\c@figure=\count85
\c@table=\count86
\abovecaptionskip=\skip41
\belowcaptionskip=\skip42
\bibindent=\dimen102
)
("C:\Users\radhouan\AppData\Local\Programs\MiKTeX 2.9\tex\latex\enumitem\enumit
em.sty"
Package: enumitem 2011/09/28 v3.5.2 Customized lists
\enitkv@toks@=\toks14
\labelindent=\skip43
\enit@outerparindent=\dimen103
\enit@toks=\toks15
\enit@inbox=\box26
\enitdp@description=\count87
)
("C:\Users\radhouan\AppData\Local\Programs\MiKTeX 2.9\tex\latex\base\fontenc.st
y"
Package: fontenc 2017/04/05 v2.0i Standard LaTeX package

("C:\Users\radhouan\AppData\Local\Programs\MiKTeX 2.9\tex\latex\base\t1enc.def"
File: t1enc.def 2017/04/05 v2.0i Standard LaTeX file
LaTeX Font Info:    Redeclaring font encoding T1 on input line 48.
))
("C:\Users\radhouan\AppData\Local\Programs\MiKTeX 2.9\tex\latex\graphics\color.
sty"
Package: color 2016/07/10 v1.1e Standard LaTeX Color (DPC)

("C:\Users\radhouan\AppData\Local\Programs\MiKTeX 2.9\tex\latex\graphics-cfg\co
lor.cfg"
File: color.cfg 2016/01/02 v1.6 sample color configuration
)
Package color Info: Driver file: pdftex.def on input line 147.

("C:\Users\radhouan\AppData\Local\Programs\MiKTeX 2.9\tex\latex\graphics-def\pd
ftex.def"
File: pdftex.def 2017/01/12 v0.06k Graphics/color for pdfTeX

("C:\Users\radhouan\AppData\Local\Programs\MiKTeX 2.9\tex\generic\oberdiek\infw
arerr.sty"
Package: infwarerr 2016/05/16 v1.4 Providing info/warning/error messages (HO)
)
("C:\Users\radhouan\AppData\Local\Programs\MiKTeX 2.9\tex\generic\oberdiek\ltxc
mds.sty"
Package: ltxcmds 2016/05/16 v1.23 LaTeX kernel commands for general use (HO)
)
\Gread@gobject=\count88
)
("C:\Users\radhouan\AppData\Local\Programs\MiKTeX 2.9\tex\latex\graphics\dvipsn
am.def"
File: dvipsnam.def 2016/06/17 v3.0m Driver-dependent file (DPC,SPQR)
))
("C:\Users\radhouan\AppData\Local\Programs\MiKTeX 2.9\tex\generic\babel\babel.s
ty"
Package: babel 2017/05/19 3.10 The Babel package

*************************************
* Local config file bblopts.cfg used
*

("C:\Users\radhouan\AppData\Local\Programs\MiKTeX 2.9\tex\latex\arabi\bblopts.c
fg"
File: bblopts.cfg 2005/09/08 v0.1 add Arabic and Farsi to "declared" options of
 babel
)
("C:\Users\radhouan\AppData\Local\Programs\MiKTeX 2.9\tex\latex\babel-english\e
nglish.ldf"
Language: english 2017/01/24 v3.3q English support from the babel system

("C:\Users\radhouan\AppData\Local\Programs\MiKTeX 2.9\tex\generic\babel\babel.d
ef"
File: babel.def 2017/05/19 3.10 Babel common definitions
\babel@savecnt=\count89
\U@D=\dimen104
)
\l@canadian = a dialect from \language\l@american 
\l@australian = a dialect from \language\l@british 
\l@newzealand = a dialect from \language\l@british 
))
("C:\Users\radhouan\AppData\Local\Programs\MiKTeX 2.9\tex\latex\base\inputenc.s
ty"
Package: inputenc 2015/03/17 v1.2c Input encoding file
\inpenc@prehook=\toks16
\inpenc@posthook=\toks17

("C:\Users\radhouan\AppData\Local\Programs\MiKTeX 2.9\tex\latex\ucs\utf8x.def"
File: utf8x.def 2004/10/17 UCS: Input encoding UTF-8
)) ("C:\Users\radhouan\AppData\Local\Programs\MiKTeX 2.9\tex\latex\ucs\ucs.sty"
Package: ucs 2013/05/11 v2.2 UCS: Unicode input support

("C:\Users\radhouan\AppData\Local\Programs\MiKTeX 2.9\tex\latex\ucs\uni-global.
def"
File: uni-global.def 2013/05/13 UCS: Unicode global data
)
\uc@secondtry=\count90
\uc@combtoks=\toks18
\uc@combtoksb=\toks19
\uc@temptokena=\toks20
)
("C:\Users\radhouan\AppData\Local\Programs\MiKTeX 2.9\tex\latex\amsmath\amsmath
.sty"
Package: amsmath 2016/11/05 v2.16a AMS math features
\@mathmargin=\skip44

For additional information on amsmath, use the `?' option.

("C:\Users\radhouan\AppData\Local\Programs\MiKTeX 2.9\tex\latex\amsmath\amstext
.sty"
Package: amstext 2000/06/29 v2.01 AMS text

("C:\Users\radhouan\AppData\Local\Programs\MiKTeX 2.9\tex\latex\amsmath\amsgen.
sty"
File: amsgen.sty 1999/11/30 v2.0 generic functions
\@emptytoks=\toks21
\ex@=\dimen105
))
("C:\Users\radhouan\AppData\Local\Programs\MiKTeX 2.9\tex\latex\amsmath\amsbsy.
sty"
Package: amsbsy 1999/11/29 v1.2d Bold Symbols
\pmbraise@=\dimen106
)
("C:\Users\radhouan\AppData\Local\Programs\MiKTeX 2.9\tex\latex\amsmath\amsopn.
sty"
Package: amsopn 2016/03/08 v2.02 operator names
)
\inf@bad=\count91
LaTeX Info: Redefining \frac on input line 213.
\uproot@=\count92
\leftroot@=\count93
LaTeX Info: Redefining \overline on input line 375.
\classnum@=\count94
\DOTSCASE@=\count95
LaTeX Info: Redefining \ldots on input line 472.
LaTeX Info: Redefining \dots on input line 475.
LaTeX Info: Redefining \cdots on input line 596.
\Mathstrutbox@=\box27
\strutbox@=\box28
\big@size=\dimen107
LaTeX Font Info:    Redeclaring font encoding OML on input line 712.
LaTeX Font Info:    Redeclaring font encoding OMS on input line 713.
\macc@depth=\count96
\c@MaxMatrixCols=\count97
\dotsspace@=\muskip10
\c@parentequation=\count98
\dspbrk@lvl=\count99
\tag@help=\toks22
\row@=\count100
\column@=\count101
\maxfields@=\count102
\andhelp@=\toks23
\eqnshift@=\dimen108
\alignsep@=\dimen109
\tagshift@=\dimen110
\tagwidth@=\dimen111
\totwidth@=\dimen112
\lineht@=\dimen113
\@envbody=\toks24
\multlinegap=\skip45
\multlinetaggap=\skip46
\mathdisplay@stack=\toks25
LaTeX Info: Redefining \[ on input line 2817.
LaTeX Info: Redefining \] on input line 2818.
)
("C:\Users\radhouan\AppData\Local\Programs\MiKTeX 2.9\tex\latex\graphics\graphi
cx.sty"
Package: graphicx 2014/10/28 v1.0g Enhanced LaTeX Graphics (DPC,SPQR)

("C:\Users\radhouan\AppData\Local\Programs\MiKTeX 2.9\tex\latex\graphics\keyval
.sty"
Package: keyval 2014/10/28 v1.15 key=value parser (DPC)
\KV@toks@=\toks26
)
("C:\Users\radhouan\AppData\Local\Programs\MiKTeX 2.9\tex\latex\graphics\graphi
cs.sty"
Package: graphics 2017/04/14 v1.1b Standard LaTeX Graphics (DPC,SPQR)

("C:\Users\radhouan\AppData\Local\Programs\MiKTeX 2.9\tex\latex\graphics\trig.s
ty"
Package: trig 2016/01/03 v1.10 sin cos tan (DPC)
)
("C:\Users\radhouan\AppData\Local\Programs\MiKTeX 2.9\tex\latex\graphics-cfg\gr
aphics.cfg"
File: graphics.cfg 2016/06/04 v1.11 sample graphics configuration
)
Package graphics Info: Driver file: pdftex.def on input line 99.
)
\Gin@req@height=\dimen114
\Gin@req@width=\dimen115
)
("C:\Users\radhouan\AppData\Local\Programs\MiKTeX 2.9\tex\latex\subfiles\subfil
es.sty"
Package: subfiles 2012/05/23 Federico Garcia

("C:\Users\radhouan\AppData\Local\Programs\MiKTeX 2.9\tex\latex\tools\verbatim.
sty"
Package: verbatim 2014/10/28 v1.5q LaTeX2e package for verbatim enhancements
\every@verbatim=\toks27
\verbatim@line=\toks28
\verbatim@in@stream=\read1
)) (chapter3.aux)
\openout1 = `chapter3.aux'.

LaTeX Font Info:    Checking defaults for OML/cmm/m/it on input line 24.
LaTeX Font Info:    ... okay on input line 24.
LaTeX Font Info:    Checking defaults for T1/cmr/m/n on input line 24.
LaTeX Font Info:    ... okay on input line 24.
LaTeX Font Info:    Checking defaults for OT1/cmr/m/n on input line 24.
LaTeX Font Info:    ... okay on input line 24.
LaTeX Font Info:    Checking defaults for OMS/cmsy/m/n on input line 24.
LaTeX Font Info:    ... okay on input line 24.
LaTeX Font Info:    Checking defaults for OMX/cmex/m/n on input line 24.
LaTeX Font Info:    ... okay on input line 24.
LaTeX Font Info:    Checking defaults for U/cmr/m/n on input line 24.
LaTeX Font Info:    ... okay on input line 24.

("C:\Users\radhouan\AppData\Local\Programs\MiKTeX 2.9\tex\context\base\supp-pdf
.mkii"
[Loading MPS to PDF converter (version 2006.09.02).]
\scratchcounter=\count103
\scratchdimen=\dimen116
\scratchbox=\box29
\nofMPsegments=\count104
\nofMParguments=\count105
\everyMPshowfont=\toks29
\MPscratchCnt=\count106
\MPscratchDim=\dimen117
\MPnumerator=\count107
\makeMPintoPDFobject=\count108
\everyMPtoPDFconversion=\toks30
)
("C:\Users\radhouan\AppData\Local\Programs\MiKTeX 2.9\tex\generic\oberdiek\pdft
excmds.sty"
Package: pdftexcmds 2017/03/19 v0.25 Utility functions of pdfTeX for LuaTeX (HO
)

("C:\Users\radhouan\AppData\Local\Programs\MiKTeX 2.9\tex\generic\oberdiek\iflu
atex.sty"
Package: ifluatex 2016/05/16 v1.4 Provides the ifluatex switch (HO)
Package ifluatex Info: LuaTeX not detected.
)
("C:\Users\radhouan\AppData\Local\Programs\MiKTeX 2.9\tex\generic\oberdiek\ifpd
f.sty"
Package: ifpdf 2017/03/15 v3.2 Provides the ifpdf switch
)
Package pdftexcmds Info: LuaTeX not detected.
Package pdftexcmds Info: \pdf@primitive is available.
Package pdftexcmds Info: \pdf@ifprimitive is available.
Package pdftexcmds Info: \pdfdraftmode found.
)
("C:\Users\radhouan\AppData\Local\Programs\MiKTeX 2.9\tex\latex\oberdiek\epstop
df-base.sty"
Package: epstopdf-base 2016/05/15 v2.6 Base part for package epstopdf

("C:\Users\radhouan\AppData\Local\Programs\MiKTeX 2.9\tex\latex\oberdiek\grfext
.sty"
Package: grfext 2016/05/16 v1.2 Manage graphics extensions (HO)

("C:\Users\radhouan\AppData\Local\Programs\MiKTeX 2.9\tex\generic\oberdiek\kvde
finekeys.sty"
Package: kvdefinekeys 2016/05/16 v1.4 Define keys (HO)
))
("C:\Users\radhouan\AppData\Local\Programs\MiKTeX 2.9\tex\latex\oberdiek\kvopti
ons.sty"
Package: kvoptions 2016/05/16 v3.12 Key value format for package options (HO)

("C:\Users\radhouan\AppData\Local\Programs\MiKTeX 2.9\tex\generic\oberdiek\kvse
tkeys.sty"
Package: kvsetkeys 2016/05/16 v1.17 Key value parser (HO)

("C:\Users\radhouan\AppData\Local\Programs\MiKTeX 2.9\tex\generic\oberdiek\etex
cmds.sty"
Package: etexcmds 2016/05/16 v1.6 Avoid name clashes with e-TeX commands (HO)
Package etexcmds Info: Could not find \expanded.
(etexcmds)             That can mean that you are not using pdfTeX 1.50 or
(etexcmds)             that some package has redefined \expanded.
(etexcmds)             In the latter case, load this package earlier.
)))
Package epstopdf-base Info: Redefining graphics rule for `.eps' on input line 4
38.
Package grfext Info: Graphics extension search list:
(grfext)             [.png,.pdf,.jpg,.mps,.jpeg,.jbig2,.jb2,.PNG,.PDF,.JPG,.JPE
G,.JBIG2,.JB2,.eps]
(grfext)             \AppendGraphicsExtensions on input line 456.
)
("C:\Users\radhouan\AppData\Local\Programs\MiKTeX 2.9\tex\latex\ucs\ucsencs.def
"
File: ucsencs.def 2011/01/21 Fixes to fontencodings LGR, T3
) (chapter3.lof)
\tf@lof=\write3
\openout3 = `chapter3.lof'.

 [1

{C:/Users/radhouan/AppData/Local/MiKTeX/2.9/pdftex/config/pdftex.map}]

LaTeX Warning: No \author given.


Underfull \hbox (badness 10000) in paragraph at lines 32--43

 []


Underfull \hbox (badness 10000) in paragraph at lines 32--43

 []

LaTeX Font Info:    Try loading font information for OMS+cmr on input line 43.
("C:\Users\radhouan\AppData\Local\Programs\MiKTeX 2.9\tex\latex\base\omscmr.fd"
File: omscmr.fd 2014/09/29 v2.5h Standard LaTeX font definitions
)
LaTeX Font Info:    Font shape `OMS/cmr/m/n' in size <12> not available
(Font)              Font shape `OMS/cmsy/m/n' tried instead on input line 43.
 [2]
<DeploymentDiagramPhysicalArchitecture.png, id=14, 1171.37625pt x 994.46532pt>
File: DeploymentDiagramPhysicalArchitecture.png Graphic file (type png)

<use DeploymentDiagramPhysicalArchitecture.png>
Package pdftex.def Info: DeploymentDiagramPhysicalArchitecture.png used on inpu
t line 56.
(pdftex.def)             Requested size: 390.0pt x 331.10321pt.
 [3

 <./DeploymentDiagramPhysicalArchitecture.png>] <logicalArchitecture.png, id=21
, 1180.41pt x 724.20563pt>
File: logicalArchitecture.png Graphic file (type png)

<use logicalArchitecture.png>
Package pdftex.def Info: logicalArchitecture.png used on input line 66.
(pdftex.def)             Requested size: 390.0pt x 239.26485pt.
 [4

 <./logicalArchitecture.png>] [5

] [6

]
<packageDiagram.png, id=32, 1509.38907pt x 536.0025pt>
File: packageDiagram.png Graphic file (type png)

<use packageDiagram.png>
Package pdftex.def Info: packageDiagram.png used on input line 90.
(pdftex.def)             Requested size: 390.0pt x 138.49042pt.
 [7

 <./packageDiagram.png>]
<classDiagram.png, id=38, 1530.46782pt x 801.74532pt>
File: classDiagram.png Graphic file (type png)
 <use classDiagram.png>
Package pdftex.def Info: classDiagram.png used on input line 99.
(pdftex.def)             Requested size: 390.0pt x 204.30167pt.

[8

 <./classDiagram.png>]
<SequenceDiagramconnectToMassTerServer.png, id=43, 1690.06406pt x 886.81313pt>
File: SequenceDiagramconnectToMassTerServer.png Graphic file (type png)

<use SequenceDiagramconnectToMassTerServer.png>
Package pdftex.def Info: SequenceDiagramconnectToMassTerServer.png used on inpu
t line 110.
(pdftex.def)             Requested size: 390.0pt x 204.63931pt.
 [9

 <./SequenceDiagramconnectToMassTerServer.png>]
<SequenceDiagramLoadProject.png, id=48, 2479.01157pt x 1434.86063pt>
File: SequenceDiagramLoadProject.png Graphic file (type png)

<use SequenceDiagramLoadProject.png>
Package pdftex.def Info: SequenceDiagramLoadProject.png used on input line 120.

(pdftex.def)             Requested size: 390.0pt x 225.72902pt.
 [10

 <./SequenceDiagramLoadProject.png>]
<SequenceDiagramLoadReport.png, id=53, 2846.38406pt x 2087.54906pt>
File: SequenceDiagramLoadReport.png Graphic file (type png)

<use SequenceDiagramLoadReport.png>
Package pdftex.def Info: SequenceDiagramLoadReport.png used on input line 128.
(pdftex.def)             Requested size: 390.0pt x 286.01161pt.
 [11

 <./SequenceDiagramLoadReport.png>]
<SequenceDiagramSaveReport.png, id=58, 2716.90031pt x 2087.54906pt>
File: SequenceDiagramSaveReport.png Graphic file (type png)

<use SequenceDiagramSaveReport.png>
Package pdftex.def Info: SequenceDiagramSaveReport.png used on input line 136.
(pdftex.def)             Requested size: 390.0pt x 299.64487pt.
 [12

 <./SequenceDiagramSaveReport.png>]
<SequenceDiagramRemoveReport.png, id=63, 3283.01532pt x 2087.54906pt>
File: SequenceDiagramRemoveReport.png Graphic file (type png)

<use SequenceDiagramRemoveReport.png>
Package pdftex.def Info: SequenceDiagramRemoveReport.png used on input line 144
.
(pdftex.def)             Requested size: 390.0pt x 247.97865pt.
 [13

 <./SequenceDiagramRemoveReport.png>]
<SequenceDiagramUpdateSettings.png, id=69, 2362.32562pt x 2092.81876pt>
File: SequenceDiagramUpdateSettings.png Graphic file (type png)

<use SequenceDiagramUpdateSettings.png>
Package pdftex.def Info: SequenceDiagramUpdateSettings.png used on input line 1
53.
(pdftex.def)             Requested size: 390.0pt x 345.4918pt.
 [14

 <./SequenceDiagramUpdateSettings.png>] <SequenceDiagramRunScenario.png, id=74,
 2395.44937pt x 2087.54906pt>
File: SequenceDiagramRunScenario.png Graphic file (type png)

<use SequenceDiagramRunScenario.png>
Package pdftex.def Info: SequenceDiagramRunScenario.png used on input line 161.

(pdftex.def)             Requested size: 390.0pt x 339.84384pt.
 [15

 <./SequenceDiagramRunScenario.png>]
<SequenceDiagramSaveProject.png, id=79, 1903.11pt x 992.20688pt>
File: SequenceDiagramSaveProject.png Graphic file (type png)

<use SequenceDiagramSaveProject.png>
Package pdftex.def Info: SequenceDiagramSaveProject.png used on input line 169.

(pdftex.def)             Requested size: 390.0pt x 203.32803pt.
 [16

 <./SequenceDiagramSaveProject.png>]
<SequenceDiagramSaveAsProject.png, id=84, 1903.11pt x 992.20688pt>
File: SequenceDiagramSaveAsProject.png Graphic file (type png)

<use SequenceDiagramSaveAsProject.png>
Package pdftex.def Info: SequenceDiagramSaveAsProject.png used on input line 17
8.
(pdftex.def)             Requested size: 390.0pt x 203.32803pt.
 [17

 <./SequenceDiagramSaveAsProject.png>] [18

] (chapter3.aux) ) 
Here is how much of TeX's memory you used:
 3675 strings out of 493323
 54656 string characters out of 3128713
 131012 words of memory out of 3000000
 7129 multiletter control sequences out of 15000+200000
 13814 words of font info for 38 fonts, out of 3000000 for 9000
 1141 hyphenation exceptions out of 8191
 39i,7n,25p,330b,241s stack positions out of 5000i,500n,10000p,200000b,50000s
 <C:\Users\radhouan\AppData\Local\MiKTeX\2.9\fonts\pk\ljfour\
jknappen\ec\dpi600\ecbx1440.pk> <C:\Users\radhouan\AppData\Local\MiKTeX\2.9\fon
ts\pk\ljfour\jknappen\ec\dpi600\ecbx1200.pk> <C:\Users\radhouan\AppData\Local\M
iKTeX\2.9\fonts\pk\ljfour\jknappen\ec\dpi600\ecrm1440.pk> <C:\Users\radhouan\Ap
pData\Local\MiKTeX\2.9\fonts\pk\ljfour\jknappen\ec\dpi600\ecrm2074.pk> <C:\User
s\radhouan\AppData\Local\MiKTeX\2.9\fonts\pk\ljfour\jknappen\ec\dpi600\ecrm1200
.pk> <C:\Users\radhouan\AppData\Local\MiKTeX\2.9\fonts\pk\ljfour\jknappen\ec\dp
i600\ecbx1728.pk><C:/Users/radhouan/AppData/Local/Programs/MiKTeX 2.9/fonts/typ
e1/public/amsfonts/cm/cmsy10.pfb>
Output written on chapter3.pdf (18 pages, 1449537 bytes).
PDF statistics:
 295 PDF objects out of 1000 (max. 8388607)
 0 named destinations out of 1000 (max. 500000)
 66 words of extra memory for PDF output out of 10000 (max. 10000000)

