This is pdfTeX, Version 3.14159265-2.6-1.40.18 (MiKTeX 2.9.6350 64-bit) (preloaded format=pdflatex 2017.9.17)  8 OCT 2017 13:20
entering extended mode
**./chapter4.tex
(chapter4.tex
LaTeX2e <2017-04-15>
Babel <3.10> and hyphenation patterns for 75 language(s) loaded.

("C:\Users\radhouan\AppData\Local\Programs\MiKTeX 2.9\tex\latex\base\article.cl
s"
Document Class: article 2014/09/29 v1.4h Standard LaTeX document class
("C:\Users\radhouan\AppData\Local\Programs\MiKTeX 2.9\tex\latex\base\size12.clo
"
File: size12.clo 2014/09/29 v1.4h Standard LaTeX file (size option)
)
\c@part=\count79
\c@section=\count80
\c@subsection=\count81
\c@subsubsection=\count82
\c@paragraph=\count83
\c@subparagraph=\count84
\c@figure=\count85
\c@table=\count86
\abovecaptionskip=\skip41
\belowcaptionskip=\skip42
\bibindent=\dimen102
)
("C:\Users\radhouan\AppData\Local\Programs\MiKTeX 2.9\tex\latex\graphics\color.
sty"
Package: color 2016/07/10 v1.1e Standard LaTeX Color (DPC)

("C:\Users\radhouan\AppData\Local\Programs\MiKTeX 2.9\tex\latex\graphics-cfg\co
lor.cfg"
File: color.cfg 2016/01/02 v1.6 sample color configuration
)
Package color Info: Driver file: pdftex.def on input line 147.

("C:\Users\radhouan\AppData\Local\Programs\MiKTeX 2.9\tex\latex\graphics-def\pd
ftex.def"
File: pdftex.def 2017/01/12 v0.06k Graphics/color for pdfTeX

("C:\Users\radhouan\AppData\Local\Programs\MiKTeX 2.9\tex\generic\oberdiek\infw
arerr.sty"
Package: infwarerr 2016/05/16 v1.4 Providing info/warning/error messages (HO)
)
("C:\Users\radhouan\AppData\Local\Programs\MiKTeX 2.9\tex\generic\oberdiek\ltxc
mds.sty"
Package: ltxcmds 2016/05/16 v1.23 LaTeX kernel commands for general use (HO)
)
\Gread@gobject=\count87
)
("C:\Users\radhouan\AppData\Local\Programs\MiKTeX 2.9\tex\latex\graphics\dvipsn
am.def"
File: dvipsnam.def 2016/06/17 v3.0m Driver-dependent file (DPC,SPQR)
))
("C:\Users\radhouan\AppData\Local\Programs\MiKTeX 2.9\tex\generic\babel\babel.s
ty"
Package: babel 2017/05/19 3.10 The Babel package

*************************************
* Local config file bblopts.cfg used
*

("C:\Users\radhouan\AppData\Local\Programs\MiKTeX 2.9\tex\latex\arabi\bblopts.c
fg"
File: bblopts.cfg 2005/09/08 v0.1 add Arabic and Farsi to "declared" options of
 babel
)
("C:\Users\radhouan\AppData\Local\Programs\MiKTeX 2.9\tex\latex\babel-english\e
nglish.ldf"
Language: english 2017/01/24 v3.3q English support from the babel system

("C:\Users\radhouan\AppData\Local\Programs\MiKTeX 2.9\tex\generic\babel\babel.d
ef"
File: babel.def 2017/05/19 3.10 Babel common definitions
\babel@savecnt=\count88
\U@D=\dimen103
)
\l@canadian = a dialect from \language\l@american 
\l@australian = a dialect from \language\l@british 
\l@newzealand = a dialect from \language\l@british 
))
("C:\Users\radhouan\AppData\Local\Programs\MiKTeX 2.9\tex\latex\base\inputenc.s
ty"
Package: inputenc 2015/03/17 v1.2c Input encoding file
\inpenc@prehook=\toks14
\inpenc@posthook=\toks15

("C:\Users\radhouan\AppData\Local\Programs\MiKTeX 2.9\tex\latex\ucs\utf8x.def"
File: utf8x.def 2004/10/17 UCS: Input encoding UTF-8
)) ("C:\Users\radhouan\AppData\Local\Programs\MiKTeX 2.9\tex\latex\ucs\ucs.sty"
Package: ucs 2013/05/11 v2.2 UCS: Unicode input support

("C:\Users\radhouan\AppData\Local\Programs\MiKTeX 2.9\tex\latex\ucs\uni-global.
def"
File: uni-global.def 2013/05/13 UCS: Unicode global data
)
\uc@secondtry=\count89
\uc@combtoks=\toks16
\uc@combtoksb=\toks17
\uc@temptokena=\toks18
)
("C:\Users\radhouan\AppData\Local\Programs\MiKTeX 2.9\tex\latex\amsmath\amsmath
.sty"
Package: amsmath 2016/11/05 v2.16a AMS math features
\@mathmargin=\skip43

For additional information on amsmath, use the `?' option.

("C:\Users\radhouan\AppData\Local\Programs\MiKTeX 2.9\tex\latex\amsmath\amstext
.sty"
Package: amstext 2000/06/29 v2.01 AMS text

("C:\Users\radhouan\AppData\Local\Programs\MiKTeX 2.9\tex\latex\amsmath\amsgen.
sty"
File: amsgen.sty 1999/11/30 v2.0 generic functions
\@emptytoks=\toks19
\ex@=\dimen104
))
("C:\Users\radhouan\AppData\Local\Programs\MiKTeX 2.9\tex\latex\amsmath\amsbsy.
sty"
Package: amsbsy 1999/11/29 v1.2d Bold Symbols
\pmbraise@=\dimen105
)
("C:\Users\radhouan\AppData\Local\Programs\MiKTeX 2.9\tex\latex\amsmath\amsopn.
sty"
Package: amsopn 2016/03/08 v2.02 operator names
)
\inf@bad=\count90
LaTeX Info: Redefining \frac on input line 213.
\uproot@=\count91
\leftroot@=\count92
LaTeX Info: Redefining \overline on input line 375.
\classnum@=\count93
\DOTSCASE@=\count94
LaTeX Info: Redefining \ldots on input line 472.
LaTeX Info: Redefining \dots on input line 475.
LaTeX Info: Redefining \cdots on input line 596.
\Mathstrutbox@=\box26
\strutbox@=\box27
\big@size=\dimen106
LaTeX Font Info:    Redeclaring font encoding OML on input line 712.
LaTeX Font Info:    Redeclaring font encoding OMS on input line 713.
\macc@depth=\count95
\c@MaxMatrixCols=\count96
\dotsspace@=\muskip10
\c@parentequation=\count97
\dspbrk@lvl=\count98
\tag@help=\toks20
\row@=\count99
\column@=\count100
\maxfields@=\count101
\andhelp@=\toks21
\eqnshift@=\dimen107
\alignsep@=\dimen108
\tagshift@=\dimen109
\tagwidth@=\dimen110
\totwidth@=\dimen111
\lineht@=\dimen112
\@envbody=\toks22
\multlinegap=\skip44
\multlinetaggap=\skip45
\mathdisplay@stack=\toks23
LaTeX Info: Redefining \[ on input line 2817.
LaTeX Info: Redefining \] on input line 2818.
)
("C:\Users\radhouan\AppData\Local\Programs\MiKTeX 2.9\tex\latex\graphics\graphi
cx.sty"
Package: graphicx 2014/10/28 v1.0g Enhanced LaTeX Graphics (DPC,SPQR)

("C:\Users\radhouan\AppData\Local\Programs\MiKTeX 2.9\tex\latex\graphics\keyval
.sty"
Package: keyval 2014/10/28 v1.15 key=value parser (DPC)
\KV@toks@=\toks24
)
("C:\Users\radhouan\AppData\Local\Programs\MiKTeX 2.9\tex\latex\graphics\graphi
cs.sty"
Package: graphics 2017/04/14 v1.1b Standard LaTeX Graphics (DPC,SPQR)

("C:\Users\radhouan\AppData\Local\Programs\MiKTeX 2.9\tex\latex\graphics\trig.s
ty"
Package: trig 2016/01/03 v1.10 sin cos tan (DPC)
)
("C:\Users\radhouan\AppData\Local\Programs\MiKTeX 2.9\tex\latex\graphics-cfg\gr
aphics.cfg"
File: graphics.cfg 2016/06/04 v1.11 sample graphics configuration
)
Package graphics Info: Driver file: pdftex.def on input line 99.
)
\Gin@req@height=\dimen113
\Gin@req@width=\dimen114
)
("C:\Users\radhouan\AppData\Local\Programs\MiKTeX 2.9\tex\latex\tools\array.sty
"
Package: array 2016/10/06 v2.4d Tabular extension package (FMi)
\col@sep=\dimen115
\extrarowheight=\dimen116
\NC@list=\toks25
\extratabsurround=\skip46
\backup@length=\skip47
) (chapter4.aux)
\openout1 = `chapter4.aux'.

LaTeX Font Info:    Checking defaults for OML/cmm/m/it on input line 15.
LaTeX Font Info:    ... okay on input line 15.
LaTeX Font Info:    Checking defaults for T1/cmr/m/n on input line 15.
LaTeX Font Info:    ... okay on input line 15.
LaTeX Font Info:    Checking defaults for OT1/cmr/m/n on input line 15.
LaTeX Font Info:    ... okay on input line 15.
LaTeX Font Info:    Checking defaults for OMS/cmsy/m/n on input line 15.
LaTeX Font Info:    ... okay on input line 15.
LaTeX Font Info:    Checking defaults for OMX/cmex/m/n on input line 15.
LaTeX Font Info:    ... okay on input line 15.
LaTeX Font Info:    Checking defaults for U/cmr/m/n on input line 15.
LaTeX Font Info:    ... okay on input line 15.

("C:\Users\radhouan\AppData\Local\Programs\MiKTeX 2.9\tex\context\base\supp-pdf
.mkii"
[Loading MPS to PDF converter (version 2006.09.02).]
\scratchcounter=\count102
\scratchdimen=\dimen117
\scratchbox=\box28
\nofMPsegments=\count103
\nofMParguments=\count104
\everyMPshowfont=\toks26
\MPscratchCnt=\count105
\MPscratchDim=\dimen118
\MPnumerator=\count106
\makeMPintoPDFobject=\count107
\everyMPtoPDFconversion=\toks27
)
("C:\Users\radhouan\AppData\Local\Programs\MiKTeX 2.9\tex\generic\oberdiek\pdft
excmds.sty"
Package: pdftexcmds 2017/03/19 v0.25 Utility functions of pdfTeX for LuaTeX (HO
)

("C:\Users\radhouan\AppData\Local\Programs\MiKTeX 2.9\tex\generic\oberdiek\iflu
atex.sty"
Package: ifluatex 2016/05/16 v1.4 Provides the ifluatex switch (HO)
Package ifluatex Info: LuaTeX not detected.
)
("C:\Users\radhouan\AppData\Local\Programs\MiKTeX 2.9\tex\generic\oberdiek\ifpd
f.sty"
Package: ifpdf 2017/03/15 v3.2 Provides the ifpdf switch
)
Package pdftexcmds Info: LuaTeX not detected.
Package pdftexcmds Info: \pdf@primitive is available.
Package pdftexcmds Info: \pdf@ifprimitive is available.
Package pdftexcmds Info: \pdfdraftmode found.
)
("C:\Users\radhouan\AppData\Local\Programs\MiKTeX 2.9\tex\latex\oberdiek\epstop
df-base.sty"
Package: epstopdf-base 2016/05/15 v2.6 Base part for package epstopdf

("C:\Users\radhouan\AppData\Local\Programs\MiKTeX 2.9\tex\latex\oberdiek\grfext
.sty"
Package: grfext 2016/05/16 v1.2 Manage graphics extensions (HO)

("C:\Users\radhouan\AppData\Local\Programs\MiKTeX 2.9\tex\generic\oberdiek\kvde
finekeys.sty"
Package: kvdefinekeys 2016/05/16 v1.4 Define keys (HO)
))
("C:\Users\radhouan\AppData\Local\Programs\MiKTeX 2.9\tex\latex\oberdiek\kvopti
ons.sty"
Package: kvoptions 2016/05/16 v3.12 Key value format for package options (HO)

("C:\Users\radhouan\AppData\Local\Programs\MiKTeX 2.9\tex\generic\oberdiek\kvse
tkeys.sty"
Package: kvsetkeys 2016/05/16 v1.17 Key value parser (HO)

("C:\Users\radhouan\AppData\Local\Programs\MiKTeX 2.9\tex\generic\oberdiek\etex
cmds.sty"
Package: etexcmds 2016/05/16 v1.6 Avoid name clashes with e-TeX commands (HO)
Package etexcmds Info: Could not find \expanded.
(etexcmds)             That can mean that you are not using pdfTeX 1.50 or
(etexcmds)             that some package has redefined \expanded.
(etexcmds)             In the latter case, load this package earlier.
)))
Package epstopdf-base Info: Redefining graphics rule for `.eps' on input line 4
38.
Package grfext Info: Graphics extension search list:
(grfext)             [.png,.pdf,.jpg,.mps,.jpeg,.jbig2,.jb2,.PNG,.PDF,.JPG,.JPE
G,.JBIG2,.JB2,.eps]
(grfext)             \AppendGraphicsExtensions on input line 456.
)
("C:\Users\radhouan\AppData\Local\Programs\MiKTeX 2.9\tex\latex\ucs\ucsencs.def
"
File: ucsencs.def 2011/01/21 Fixes to fontencodings LGR, T3
) (chapter4.lof)
\tf@lof=\write3
\openout3 = `chapter4.lof'.

 [1

{C:/Users/radhouan/AppData/Local/MiKTeX/2.9/pdftex/config/pdftex.map}]

LaTeX Warning: No \author given.


Overfull \hbox (8.38985pt too wide) in paragraph at lines 23--23
[]\OT1/cmr/bx/n/17.28 Java Plat-form, En-ter-prise Edi-tion (Java EE) 
 []

<JAVAEE_logo.png, id=7, 649.42625pt x 277.035pt>
File: JAVAEE_logo.png Graphic file (type png)
 <use JAVAEE_logo.png>
Package pdftex.def Info: JAVAEE_logo.png used on input line 26.
(pdftex.def)             Requested size: 155.99762pt x 66.54471pt.

Underfull \hbox (badness 10000) in paragraph at lines 32--36

 []

[2 <./JAVAEE_logo.png>]
LaTeX Font Info:    Try loading font information for OMS+cmr on input line 39.

("C:\Users\radhouan\AppData\Local\Programs\MiKTeX 2.9\tex\latex\base\omscmr.fd"
File: omscmr.fd 2014/09/29 v2.5h Standard LaTeX font definitions
)
LaTeX Font Info:    Font shape `OMS/cmr/m/n' in size <12> not available
(Font)              Font shape `OMS/cmsy/m/n' tried instead on input line 39.

Underfull \hbox (badness 10000) in paragraph at lines 44--48

 []

<Java_statics.png, id=14, 685.8122pt x 351.56343pt>
File: Java_statics.png Graphic file (type png)
 <use Java_statics.png>
Package pdftex.def Info: Java_statics.png used on input line 61.
(pdftex.def)             Requested size: 390.0pt x 199.92653pt.

<Java_rank.png, id=16, 686.565pt x 297.36093pt>
File: Java_rank.png Graphic file (type png)
 <use Java_rank.png>
Package pdftex.def Info: Java_rank.png used on input line 66.
(pdftex.def)             Requested size: 390.0pt x 168.91217pt.
 [3]

LaTeX Warning: `h' float specifier changed to `ht'.

[4 <./Java_statics.png>]
<AngularJS_logo.png, id=25, 376.40625pt x 376.40625pt>
File: AngularJS_logo.png Graphic file (type png)

<use AngularJS_logo.png>
Package pdftex.def Info: AngularJS_logo.png used on input line 74.
(pdftex.def)             Requested size: 117.00119pt x 117.00061pt.

Underfull \hbox (badness 10000) in paragraph at lines 78--85

 []


Underfull \hbox (badness 10000) in paragraph at lines 78--85

 []

[5 <./Java_rank.png> <./AngularJS_logo.png>] [6]
Underfull \hbox (badness 10000) in paragraph at lines 105--121

 []


Underfull \hbox (badness 10000) in paragraph at lines 105--121

 []

("C:\Users\radhouan\AppData\Local\Programs\MiKTeX 2.9\tex\latex\ucs\uni-0.def"
File: uni-0.def 2013/05/13 UCS: Unicode data U+0000..U+00FF
) <AngularJS_statics_google_trends.png, id=34, 870.25125pt x 460.72125pt>
File: AngularJS_statics_google_trends.png Graphic file (type png)

<use AngularJS_statics_google_trends.png>
Package pdftex.def Info: AngularJS_statics_google_trends.png used on input line
 129.
(pdftex.def)             Requested size: 390.0pt x 206.47202pt.


LaTeX Warning: `h' float specifier changed to `ht'.

<Boostrap_logo.png, id=35, 220.825pt x 221.82875pt>
File: Boostrap_logo.png Graphic file (type png)
 <use Boostrap_logo.png>
Package pdftex.def Info: Boostrap_logo.png used on input line 137.
(pdftex.def)             Requested size: 77.99881pt x 78.35202pt.


LaTeX Warning: `h' float specifier changed to `ht'.


Underfull \hbox (badness 10000) in paragraph at lines 141--146

 []

[7] [8 <./AngularJS_statics_google_trends.png> <./Boostrap_logo.png>]
<Boostrap_statics_github.png, id=46, 773.89125pt x 414.04688pt>
File: Boostrap_statics_github.png Graphic file (type png)

<use Boostrap_statics_github.png>
Package pdftex.def Info: Boostrap_statics_github.png used on input line 160.
(pdftex.def)             Requested size: 390.0pt x 208.65924pt.


LaTeX Warning: `h' float specifier changed to `ht'.


Underfull \hbox (badness 10000) in paragraph at lines 166--172

 []

[9] <Boostrap_statics_google_trends.png, id=50, 1152.55594pt x 511.15968pt>
File: Boostrap_statics_google_trends.png Graphic file (type png)

<use Boostrap_statics_google_trends.png>
Package pdftex.def Info: Boostrap_statics_google_trends.png used on input line 
175.
(pdftex.def)             Requested size: 390.0pt x 172.96523pt.


LaTeX Warning: `h' float specifier changed to `ht'.

<Spring_logo.png, id=51, 803.0pt x 260.975pt>
File: Spring_logo.png Graphic file (type png)
 <use Spring_logo.png>
Package pdftex.def Info: Spring_logo.png used on input line 182.
(pdftex.def)             Requested size: 155.99762pt x 50.69678pt.
 [10 <./Boostrap_statics_github.png>]
("C:\Users\radhouan\AppData\Local\Programs\MiKTeX 2.9\tex\latex\ucs\uni-32.def"
File: uni-32.def 2013/05/13 UCS: Unicode data U+2000..U+20FF
) <workflow_spring_mvc.png, id=56, 812.03375pt x 512.91624pt>
File: workflow_spring_mvc.png Graphic file (type png)

<use workflow_spring_mvc.png>
Package pdftex.def Info: workflow_spring_mvc.png used on input line 195.
(pdftex.def)             Requested size: 429.00238pt x 270.97557pt.

Overfull \hbox (39.00238pt too wide) in paragraph at lines 195--196
 [][] 
 []


Underfull \hbox (badness 10000) in paragraph at lines 186--199

 []


Underfull \hbox (badness 10000) in paragraph at lines 186--199

 []

[11 <./Boostrap_statics_google_trends.png> <./Spring_logo.png>] [12 <./workflow
_spring_mvc.png>]
Overfull \hbox (3.63898pt too wide) in paragraph at lines 207--208
[]\OT1/cmr/m/n/12 Supports An-no-ta-tion based pro-gram-ming along with XML, wh
ich makes
 []


Underfull \hbox (badness 10000) in paragraph at lines 209--223

 []

<SpringMVC_statics_google_trends.png, id=66, 870.25125pt x 522.45187pt>
File: SpringMVC_statics_google_trends.png Graphic file (type png)

<use SpringMVC_statics_google_trends.png>
Package pdftex.def Info: SpringMVC_statics_google_trends.png used on input line
 230.
(pdftex.def)             Requested size: 390.0pt x 234.13655pt.

Underfull \hbox (badness 10000) in paragraph at lines 227--238

 []


LaTeX Warning: `h' float specifier changed to `ht'.

[13] <Maven_logo.png, id=71, 273.02pt x 69.058pt>
File: Maven_logo.png Graphic file (type png)
 <use Maven_logo.png>
Package pdftex.def Info: Maven_logo.png used on input line 243.
(pdftex.def)             Requested size: 195.0pt x 49.3234pt.


LaTeX Warning: `h' float specifier changed to `ht'.


Underfull \hbox (badness 10000) in paragraph at lines 248--249

 []

[14 <./SpringMVC_statics_google_trends.png>]
<HTML5_logo.png, id=76, 256.96pt x 256.96pt>
File: HTML5_logo.png Graphic file (type png)
 <use HTML5_logo.png>
Package pdftex.def Info: HTML5_logo.png used on input line 263.
(pdftex.def)             Requested size: 117.00119pt x 117.00323pt.


LaTeX Warning: `h' float specifier changed to `ht'.

[15 <./Maven_logo.png>]
("C:\Users\radhouan\AppData\Local\Programs\MiKTeX 2.9\tex\latex\ucs\uni-34.def"
File: uni-34.def 2013/05/13 UCS: Unicode data U+2200..U+22FF
) [16 <./HTML5_logo.png>] [17] (chapter4.aux) ) 
Here is how much of TeX's memory you used:
 4587 strings out of 493323
 62466 string characters out of 3128713
 126638 words of memory out of 3000000
 8049 multiletter control sequences out of 15000+200000
 10280 words of font info for 37 fonts, out of 3000000 for 9000
 1141 hyphenation exceptions out of 8191
 39i,7n,25p,702b,534s stack positions out of 5000i,500n,10000p,200000b,50000s
<C:/Users/radhouan/AppData/Local
/Programs/MiKTeX 2.9/fonts/type1/public/amsfonts/cm/cmbx12.pfb><C:/Users/radhou
an/AppData/Local/Programs/MiKTeX 2.9/fonts/type1/public/amsfonts/cm/cmr12.pfb><
C:/Users/radhouan/AppData/Local/Programs/MiKTeX 2.9/fonts/type1/public/amsfonts
/cm/cmr17.pfb><C:/Users/radhouan/AppData/Local/Programs/MiKTeX 2.9/fonts/type1/
public/amsfonts/cm/cmsy10.pfb><C:/Users/radhouan/AppData/Local/Programs/MiKTeX 
2.9/fonts/type1/public/amsfonts/cm/cmsy8.pfb><C:/Users/radhouan/AppData/Local/P
rograms/MiKTeX 2.9/fonts/type1/public/amsfonts/cm/cmti12.pfb>
Output written on chapter4.pdf (17 pages, 406667 bytes).
PDF statistics:
 108 PDF objects out of 1000 (max. 8388607)
 0 named destinations out of 1000 (max. 500000)
 66 words of extra memory for PDF output out of 10000 (max. 10000000)

