This is pdfTeX, Version 3.14159265-2.6-1.40.18 (MiKTeX 2.9.6350 64-bit) (preloaded format=pdflatex 2017.9.17)  8 DEC 2017 16:44
entering extended mode
**./main.tex
(main.tex
LaTeX2e <2017-04-15>
Babel <3.10> and hyphenation patterns for 75 language(s) loaded.
("C:\Users\radhouan\AppData\Local\Programs\MiKTeX 2.9\tex\latex\base\report.cls
"
Document Class: report 2014/09/29 v1.4h Standard LaTeX document class
("C:\Users\radhouan\AppData\Local\Programs\MiKTeX 2.9\tex\latex\base\size12.clo
"
File: size12.clo 2014/09/29 v1.4h Standard LaTeX file (size option)
)
\c@part=\count79
\c@chapter=\count80
\c@section=\count81
\c@subsection=\count82
\c@subsubsection=\count83
\c@paragraph=\count84
\c@subparagraph=\count85
\c@figure=\count86
\c@table=\count87
\abovecaptionskip=\skip41
\belowcaptionskip=\skip42
\bibindent=\dimen102
)
("C:\Users\radhouan\AppData\Local\Programs\MiKTeX 2.9\tex\latex\graphics\graphi
cx.sty"
Package: graphicx 2014/10/28 v1.0g Enhanced LaTeX Graphics (DPC,SPQR)

("C:\Users\radhouan\AppData\Local\Programs\MiKTeX 2.9\tex\latex\graphics\keyval
.sty"
Package: keyval 2014/10/28 v1.15 key=value parser (DPC)
\KV@toks@=\toks14
)
("C:\Users\radhouan\AppData\Local\Programs\MiKTeX 2.9\tex\latex\graphics\graphi
cs.sty"
Package: graphics 2017/04/14 v1.1b Standard LaTeX Graphics (DPC,SPQR)

("C:\Users\radhouan\AppData\Local\Programs\MiKTeX 2.9\tex\latex\graphics\trig.s
ty"
Package: trig 2016/01/03 v1.10 sin cos tan (DPC)
)
("C:\Users\radhouan\AppData\Local\Programs\MiKTeX 2.9\tex\latex\graphics-cfg\gr
aphics.cfg"
File: graphics.cfg 2016/06/04 v1.11 sample graphics configuration
)
Package graphics Info: Driver file: pdftex.def on input line 99.

("C:\Users\radhouan\AppData\Local\Programs\MiKTeX 2.9\tex\latex\graphics-def\pd
ftex.def"
File: pdftex.def 2017/01/12 v0.06k Graphics/color for pdfTeX

("C:\Users\radhouan\AppData\Local\Programs\MiKTeX 2.9\tex\generic\oberdiek\infw
arerr.sty"
Package: infwarerr 2016/05/16 v1.4 Providing info/warning/error messages (HO)
)
("C:\Users\radhouan\AppData\Local\Programs\MiKTeX 2.9\tex\generic\oberdiek\ltxc
mds.sty"
Package: ltxcmds 2016/05/16 v1.23 LaTeX kernel commands for general use (HO)
)
\Gread@gobject=\count88
))
\Gin@req@height=\dimen103
\Gin@req@width=\dimen104
)
("C:\Users\radhouan\AppData\Local\Programs\MiKTeX 2.9\tex\latex\adjustbox\adjus
tbox.sty"
Package: adjustbox 2012/05/21 v1.0 Adjusting TeX boxes (trim, clip, ...)

("C:\Users\radhouan\AppData\Local\Programs\MiKTeX 2.9\tex\latex\xkeyval\xkeyval
.sty"
Package: xkeyval 2014/12/03 v2.7a package option processing (HA)

("C:\Users\radhouan\AppData\Local\Programs\MiKTeX 2.9\tex\generic\xkeyval\xkeyv
al.tex"
("C:\Users\radhouan\AppData\Local\Programs\MiKTeX 2.9\tex\generic\xkeyval\xkvut
ils.tex"
\XKV@toks=\toks15
\XKV@tempa@toks=\toks16
)
\XKV@depth=\count89
File: xkeyval.tex 2014/12/03 v2.7a key=value parser (HA)
))
("C:\Users\radhouan\AppData\Local\Programs\MiKTeX 2.9\tex\latex\adjustbox\adjca
lc.sty"
Package: adjcalc 2012/05/16 v1.1 Provides advanced setlength with multiple back
-ends (calc, etex, pgfmath)
)
("C:\Users\radhouan\AppData\Local\Programs\MiKTeX 2.9\tex\latex\adjustbox\trimc
lip.sty"
Package: trimclip 2012/05/16 v1.0 Trim and clip general TeX material

("C:\Users\radhouan\AppData\Local\Programs\MiKTeX 2.9\tex\latex\collectbox\coll
ectbox.sty"
Package: collectbox 2012/05/17 v0.4b Collect macro arguments as boxes
\collectedbox=\box26
)
\tc@llx=\dimen105
\tc@lly=\dimen106
\tc@urx=\dimen107
\tc@ury=\dimen108
Package trimclip Info: Using driver 'tc-pdftex.def'.

("C:\Users\radhouan\AppData\Local\Programs\MiKTeX 2.9\tex\latex\adjustbox\tc-pd
ftex.def"
File: tc-pdftex.def 2012/05/13 v1.0 Clipping driver for pdftex
))
\adjbox@Width=\dimen109
\adjbox@Height=\dimen110
\adjbox@Depth=\dimen111
\adjbox@Totalheight=\dimen112

("C:\Users\radhouan\AppData\Local\Programs\MiKTeX 2.9\tex\latex\ifoddpage\ifodd
page.sty"
Package: ifoddpage 2016/04/23 v1.1 Conditionals for odd/even page detection
\c@checkoddpage=\count90
)
("C:\Users\radhouan\AppData\Local\Programs\MiKTeX 2.9\tex\latex\ltxmisc\varwidt
h.sty"
Package: varwidth 2009/03/30 ver 0.92;  Variable-width minipages
\@vwid@box=\box27
\sift@deathcycles=\count91
\@vwid@loff=\dimen113
\@vwid@roff=\dimen114
))
("C:\Users\radhouan\AppData\Local\Programs\MiKTeX 2.9\tex\latex\tools\afterpage
.sty"
Package: afterpage 2014/10/28 v1.08 After-Page Package (DPC)
\AP@output=\toks17
\AP@partial=\box28
\AP@footins=\box29
)
("C:\Users\radhouan\AppData\Local\Programs\MiKTeX 2.9\tex\latex\placeins\placei
ns.sty"
Package: placeins 2005/04/18  v 2.2
)
("C:\Users\radhouan\AppData\Local\Programs\MiKTeX 2.9\tex\latex\caption\caption
.sty"
Package: caption 2016/02/21 v3.3-144 Customizing captions (AR)

("C:\Users\radhouan\AppData\Local\Programs\MiKTeX 2.9\tex\latex\caption\caption
3.sty"
Package: caption3 2016/05/22 v1.7-166 caption3 kernel (AR)
Package caption3 Info: TeX engine: e-TeX on input line 67.
\captionmargin=\dimen115
\captionmargin@=\dimen116
\captionwidth=\dimen117
\caption@tempdima=\dimen118
\caption@indent=\dimen119
\caption@parindent=\dimen120
\caption@hangindent=\dimen121
)
\c@ContinuedFloat=\count92
)
("C:\Users\radhouan\AppData\Local\Programs\MiKTeX 2.9\tex\latex\changepage\chan
gepage.sty"
Package: changepage 2009/10/20 v1.0c check page and change page layout
\c@cp@cntr=\count93
\cp@tempcnt=\count94
LaTeX Info: Redefining \checkoddpage on input line 59.
)
("C:\Users\radhouan\AppData\Local\Programs\MiKTeX 2.9\tex\latex\geometry\geomet
ry.sty"
Package: geometry 2010/09/12 v5.6 Page Geometry

("C:\Users\radhouan\AppData\Local\Programs\MiKTeX 2.9\tex\generic\oberdiek\ifpd
f.sty"
Package: ifpdf 2017/03/15 v3.2 Provides the ifpdf switch
)
("C:\Users\radhouan\AppData\Local\Programs\MiKTeX 2.9\tex\generic\oberdiek\ifvt
ex.sty"
Package: ifvtex 2016/05/16 v1.6 Detect VTeX and its facilities (HO)
Package ifvtex Info: VTeX not detected.
)
("C:\Users\radhouan\AppData\Local\Programs\MiKTeX 2.9\tex\generic\ifxetex\ifxet
ex.sty"
Package: ifxetex 2010/09/12 v0.6 Provides ifxetex conditional
)
\Gm@cnth=\count95
\Gm@cntv=\count96
\c@Gm@tempcnt=\count97
\Gm@bindingoffset=\dimen122
\Gm@wd@mp=\dimen123
\Gm@odd@mp=\dimen124
\Gm@even@mp=\dimen125
\Gm@layoutwidth=\dimen126
\Gm@layoutheight=\dimen127
\Gm@layouthoffset=\dimen128
\Gm@layoutvoffset=\dimen129
\Gm@dimlist=\toks18

("C:\Users\radhouan\AppData\Local\Programs\MiKTeX 2.9\tex\latex\geometry\geomet
ry.cfg"))
("C:\Users\radhouan\AppData\Local\Programs\MiKTeX 2.9\tex\latex\graphics\lscape
.sty"
Package: lscape 2000/10/22 v3.01 Landscape Pages (DPC)
)
("C:\Users\radhouan\AppData\Local\Programs\MiKTeX 2.9\tex\latex\enumitem\enumit
em.sty"
Package: enumitem 2011/09/28 v3.5.2 Customized lists
\labelindent=\skip43
\enit@outerparindent=\dimen130
\enit@toks=\toks19
\enit@inbox=\box30
\enitdp@description=\count98
)
("C:\Users\radhouan\AppData\Local\Programs\MiKTeX 2.9\tex\latex\base\fontenc.st
y"
Package: fontenc 2017/04/05 v2.0i Standard LaTeX package

("C:\Users\radhouan\AppData\Local\Programs\MiKTeX 2.9\tex\latex\base\t1enc.def"
File: t1enc.def 2017/04/05 v2.0i Standard LaTeX file
LaTeX Font Info:    Redeclaring font encoding T1 on input line 48.
))
("C:\Users\radhouan\AppData\Local\Programs\MiKTeX 2.9\tex\latex\graphics\color.
sty"
Package: color 2016/07/10 v1.1e Standard LaTeX Color (DPC)

("C:\Users\radhouan\AppData\Local\Programs\MiKTeX 2.9\tex\latex\graphics-cfg\co
lor.cfg"
File: color.cfg 2016/01/02 v1.6 sample color configuration
)
Package color Info: Driver file: pdftex.def on input line 147.

("C:\Users\radhouan\AppData\Local\Programs\MiKTeX 2.9\tex\latex\graphics\dvipsn
am.def"
File: dvipsnam.def 2016/06/17 v3.0m Driver-dependent file (DPC,SPQR)
))
("C:\Users\radhouan\AppData\Local\Programs\MiKTeX 2.9\tex\generic\babel\babel.s
ty"
Package: babel 2017/05/19 3.10 The Babel package

*************************************
* Local config file bblopts.cfg used
*

("C:\Users\radhouan\AppData\Local\Programs\MiKTeX 2.9\tex\latex\arabi\bblopts.c
fg"
File: bblopts.cfg 2005/09/08 v0.1 add Arabic and Farsi to "declared" options of
 babel
)
("C:\Users\radhouan\AppData\Local\Programs\MiKTeX 2.9\tex\latex\babel-english\e
nglish.ldf"
Language: english 2017/01/24 v3.3q English support from the babel system

("C:\Users\radhouan\AppData\Local\Programs\MiKTeX 2.9\tex\generic\babel\babel.d
ef"
File: babel.def 2017/05/19 3.10 Babel common definitions
\babel@savecnt=\count99
\U@D=\dimen131
)
\l@canadian = a dialect from \language\l@american 
\l@australian = a dialect from \language\l@british 
\l@newzealand = a dialect from \language\l@british 
))
("C:\Users\radhouan\AppData\Local\Programs\MiKTeX 2.9\tex\latex\base\inputenc.s
ty"
Package: inputenc 2015/03/17 v1.2c Input encoding file
\inpenc@prehook=\toks20
\inpenc@posthook=\toks21

("C:\Users\radhouan\AppData\Local\Programs\MiKTeX 2.9\tex\latex\ucs\utf8x.def"
File: utf8x.def 2004/10/17 UCS: Input encoding UTF-8
)) ("C:\Users\radhouan\AppData\Local\Programs\MiKTeX 2.9\tex\latex\ucs\ucs.sty"
Package: ucs 2013/05/11 v2.2 UCS: Unicode input support

("C:\Users\radhouan\AppData\Local\Programs\MiKTeX 2.9\tex\latex\ucs\uni-global.
def"
File: uni-global.def 2013/05/13 UCS: Unicode global data
)
\uc@secondtry=\count100
\uc@combtoks=\toks22
\uc@combtoksb=\toks23
\uc@temptokena=\toks24
)
("C:\Users\radhouan\AppData\Local\Programs\MiKTeX 2.9\tex\latex\amsmath\amsmath
.sty"
Package: amsmath 2016/11/05 v2.16a AMS math features
\@mathmargin=\skip44

For additional information on amsmath, use the `?' option.

("C:\Users\radhouan\AppData\Local\Programs\MiKTeX 2.9\tex\latex\amsmath\amstext
.sty"
Package: amstext 2000/06/29 v2.01 AMS text

("C:\Users\radhouan\AppData\Local\Programs\MiKTeX 2.9\tex\latex\amsmath\amsgen.
sty"
File: amsgen.sty 1999/11/30 v2.0 generic functions
\@emptytoks=\toks25
\ex@=\dimen132
))
("C:\Users\radhouan\AppData\Local\Programs\MiKTeX 2.9\tex\latex\amsmath\amsbsy.
sty"
Package: amsbsy 1999/11/29 v1.2d Bold Symbols
\pmbraise@=\dimen133
)
("C:\Users\radhouan\AppData\Local\Programs\MiKTeX 2.9\tex\latex\amsmath\amsopn.
sty"
Package: amsopn 2016/03/08 v2.02 operator names
)
\inf@bad=\count101
LaTeX Info: Redefining \frac on input line 213.
\uproot@=\count102
\leftroot@=\count103
LaTeX Info: Redefining \overline on input line 375.
\classnum@=\count104
\DOTSCASE@=\count105
LaTeX Info: Redefining \ldots on input line 472.
LaTeX Info: Redefining \dots on input line 475.
LaTeX Info: Redefining \cdots on input line 596.
\Mathstrutbox@=\box31
\strutbox@=\box32
\big@size=\dimen134
LaTeX Font Info:    Redeclaring font encoding OML on input line 712.
LaTeX Font Info:    Redeclaring font encoding OMS on input line 713.
\macc@depth=\count106
\c@MaxMatrixCols=\count107
\dotsspace@=\muskip10
\c@parentequation=\count108
\dspbrk@lvl=\count109
\tag@help=\toks26
\row@=\count110
\column@=\count111
\maxfields@=\count112
\andhelp@=\toks27
\eqnshift@=\dimen135
\alignsep@=\dimen136
\tagshift@=\dimen137
\tagwidth@=\dimen138
\totwidth@=\dimen139
\lineht@=\dimen140
\@envbody=\toks28
\multlinegap=\skip45
\multlinetaggap=\skip46
\mathdisplay@stack=\toks29
LaTeX Info: Redefining \[ on input line 2817.
LaTeX Info: Redefining \] on input line 2818.
)
("C:\Users\radhouan\AppData\Local\Programs\MiKTeX 2.9\tex\latex\subfiles\subfil
es.sty"
Package: subfiles 2012/05/23 Federico Garcia

("C:\Users\radhouan\AppData\Local\Programs\MiKTeX 2.9\tex\latex\tools\verbatim.
sty"
Package: verbatim 2014/10/28 v1.5q LaTeX2e package for verbatim enhancements
\every@verbatim=\toks30
\verbatim@line=\toks31
\verbatim@in@stream=\read1
))
("C:\Users\radhouan\AppData\Local\Programs\MiKTeX 2.9\tex\latex\pdfpages\pdfpag
es.sty"
Package: pdfpages 2017/10/31 v0.5l Insert pages of external PDF documents (AM)

("C:\Users\radhouan\AppData\Local\Programs\MiKTeX 2.9\tex\latex\base\ifthen.sty
"
Package: ifthen 2014/09/29 v1.1c Standard LaTeX ifthen package (DPC)
)
("C:\Users\radhouan\AppData\Local\Programs\MiKTeX 2.9\tex\latex\tools\calc.sty"
Package: calc 2014/10/28 v4.3 Infix arithmetic (KKT,FJ)
\calc@Acount=\count113
\calc@Bcount=\count114
\calc@Adimen=\dimen141
\calc@Bdimen=\dimen142
\calc@Askip=\skip47
\calc@Bskip=\skip48
LaTeX Info: Redefining \setlength on input line 80.
LaTeX Info: Redefining \addtolength on input line 81.
\calc@Ccount=\count115
\calc@Cskip=\skip49
)
("C:\Users\radhouan\AppData\Local\Programs\MiKTeX 2.9\tex\latex\eso-pic\eso-pic
.sty"
Package: eso-pic 2015/07/21 v2.0g eso-pic (RN)

("C:\Users\radhouan\AppData\Local\Programs\MiKTeX 2.9\tex\generic\oberdiek\atbe
gshi.sty"
Package: atbegshi 2016/06/09 v1.18 At begin shipout hook (HO)
))
\AM@pagewidth=\dimen143
\AM@pageheight=\dimen144

("C:\Users\radhouan\AppData\Local\Programs\MiKTeX 2.9\tex\latex\pdfpages\pppdft
ex.def"
File: pppdftex.def 2017/10/31 v0.5l Pdfpages driver for pdfTeX (AM)
)
\AM@pagebox=\box33
\AM@global@opts=\toks32
\AM@toc@title=\toks33
\c@AM@survey=\count116
\AM@templatesizebox=\box34
)
("C:\Users\radhouan\AppData\Local\Programs\MiKTeX 2.9\tex\latex\arabtex\arabtex
.sty"
("C:\Users\radhouan\AppData\Local\Programs\MiKTeX 2.9\tex\latex\arabtex\aconfig
.sty"
LaTeX2e detected 
BABEL detected
\a@moduledate=\count117
\a@maindate=\count118
)
("C:\Users\radhouan\AppData\Local\Programs\MiKTeX 2.9\tex\latex\arabtex\arabaux
.sty")
("C:\Users\radhouan\AppData\Local\Programs\MiKTeX 2.9\tex\latex\arabtex\acmd.st
y")
("C:\Users\radhouan\AppData\Local\Programs\MiKTeX 2.9\tex\latex\arabtex\afonts.
sty"
("C:\Users\radhouan\AppData\Local\Programs\MiKTeX 2.9\tex\latex\arabtex\afonts2
.sty"))
("C:\Users\radhouan\AppData\Local\Programs\MiKTeX 2.9\tex\latex\arabtex\ascan.s
ty" (ArabTeX) scanner for code `arabtex' installed.
(ArabTeX) input encoding set to ArabTeX standard conventions.)
("C:\Users\radhouan\AppData\Local\Programs\MiKTeX 2.9\tex\latex\arabtex\aparse.
sty")
("C:\Users\radhouan\AppData\Local\Programs\MiKTeX 2.9\tex\latex\arabtex\awrite.
sty"
("C:\Users\radhouan\AppData\Local\Programs\MiKTeX 2.9\tex\latex\arabtex\xarbsym
b.sty")
("C:\Users\radhouan\AppData\Local\Programs\MiKTeX 2.9\tex\latex\arabtex\arabske
l.sty")
("C:\Users\radhouan\AppData\Local\Programs\MiKTeX 2.9\tex\latex\arabtex\xarbske
l.sty")
("C:\Users\radhouan\AppData\Local\Programs\MiKTeX 2.9\tex\latex\arabtex\aboxes.
sty")
("C:\Users\radhouan\AppData\Local\Programs\MiKTeX 2.9\tex\latex\arabtex\arabtok
s.sty")
("C:\Users\radhouan\AppData\Local\Programs\MiKTeX 2.9\tex\latex\arabtex\arabchr
s.sty"))
("C:\Users\radhouan\AppData\Local\Programs\MiKTeX 2.9\tex\latex\arabtex\aligs.s
ty")
("C:\Users\radhouan\AppData\Local\Programs\MiKTeX 2.9\tex\latex\arabtex\aoutput
.sty")
("C:\Users\radhouan\AppData\Local\Programs\MiKTeX 2.9\tex\latex\arabtex\abidir.
sty")
("C:\Users\radhouan\AppData\Local\Programs\MiKTeX 2.9\tex\latex\arabtex\atrans.
sty" (ArabTeX) ZDMG transliteration.)
("C:\Users\radhouan\AppData\Local\Programs\MiKTeX 2.9\tex\latex\arabtex\alatex.
sty"
("C:\Users\radhouan\AppData\Local\Programs\MiKTeX 2.9\tex\latex\arabtex\afoot.s
ty"))
("C:\Users\radhouan\AppData\Local\Programs\MiKTeX 2.9\tex\latex\arabtex\abjad.s
ty")
("C:\Users\radhouan\AppData\Local\Programs\MiKTeX 2.9\tex\latex\arabtex\apatch.
sty"
("C:\Users\radhouan\AppData\Local\Programs\MiKTeX 2.9\tex\latex\arabtex\alists.
sty")
("C:\Users\radhouan\AppData\Local\Programs\MiKTeX 2.9\tex\latex\arabtex\asect.s
ty")
("C:\Users\radhouan\AppData\Local\Programs\MiKTeX 2.9\tex\latex\arabtex\atabg.s
ty")
("C:\Users\radhouan\AppData\Local\Programs\MiKTeX 2.9\tex\latex\arabtex\alocal.
sty" (ArabTeX) 3.11 local stub, 26.02.2006))
Arabic processor `ArabTeX' [20060702 patch level 3.11s (02.07.2006)]
(ArabTeX) ... now be patient ... )
("C:\Users\radhouan\AppData\Local\Programs\MiKTeX 2.9\tex\latex\arabtex\utf8.st
y"
("C:\Users\radhouan\AppData\Local\Programs\MiKTeX 2.9\tex\latex\arabtex\utfcode
.sty"
Package: utfcode 2002/03/07  3.10a Arabic+Hebrew segment of UTF-8
\u@lb=\count148
\u@lq=\count149
)
Package: utf8 2000/06/13  3.10 UTF-8 input encoding 
 (ArabTeX) scanner for code UTF-8 installed.)
("C:\Users\radhouan\AppData\Local\Programs\MiKTeX 2.9\tex\latex\anyfontsize\any
fontsize.sty"
Package: anyfontsize 2007/11/22 anyfontsize.sty by pts
) (main.aux)
\openout1 = `main.aux'.

LaTeX Font Info:    Checking defaults for OML/cmm/m/it on input line 92.
LaTeX Font Info:    ... okay on input line 92.
LaTeX Font Info:    Checking defaults for T1/cmr/m/n on input line 92.
LaTeX Font Info:    ... okay on input line 92.
LaTeX Font Info:    Checking defaults for OT1/cmr/m/n on input line 92.
LaTeX Font Info:    ... okay on input line 92.
LaTeX Font Info:    Checking defaults for OMS/cmsy/m/n on input line 92.
LaTeX Font Info:    ... okay on input line 92.
LaTeX Font Info:    Checking defaults for OMX/cmex/m/n on input line 92.
LaTeX Font Info:    ... okay on input line 92.
LaTeX Font Info:    Checking defaults for U/cmr/m/n on input line 92.
LaTeX Font Info:    ... okay on input line 92.

("C:\Users\radhouan\AppData\Local\Programs\MiKTeX 2.9\tex\context\base\supp-pdf
.mkii"
[Loading MPS to PDF converter (version 2006.09.02).]
\scratchcounter=\count150
\scratchdimen=\dimen167
\scratchbox=\box50
\nofMPsegments=\count151
\nofMParguments=\count152
\everyMPshowfont=\toks54
\MPscratchCnt=\count153
\MPscratchDim=\dimen168
\MPnumerator=\count154
\makeMPintoPDFobject=\count155
\everyMPtoPDFconversion=\toks55
)
("C:\Users\radhouan\AppData\Local\Programs\MiKTeX 2.9\tex\generic\oberdiek\pdft
excmds.sty"
Package: pdftexcmds 2017/03/19 v0.25 Utility functions of pdfTeX for LuaTeX (HO
)

("C:\Users\radhouan\AppData\Local\Programs\MiKTeX 2.9\tex\generic\oberdiek\iflu
atex.sty"
Package: ifluatex 2016/05/16 v1.4 Provides the ifluatex switch (HO)
Package ifluatex Info: LuaTeX not detected.
)
Package pdftexcmds Info: LuaTeX not detected.
Package pdftexcmds Info: \pdf@primitive is available.
Package pdftexcmds Info: \pdf@ifprimitive is available.
Package pdftexcmds Info: \pdfdraftmode found.
)
("C:\Users\radhouan\AppData\Local\Programs\MiKTeX 2.9\tex\latex\oberdiek\epstop
df-base.sty"
Package: epstopdf-base 2016/05/15 v2.6 Base part for package epstopdf

("C:\Users\radhouan\AppData\Local\Programs\MiKTeX 2.9\tex\latex\oberdiek\grfext
.sty"
Package: grfext 2016/05/16 v1.2 Manage graphics extensions (HO)

("C:\Users\radhouan\AppData\Local\Programs\MiKTeX 2.9\tex\generic\oberdiek\kvde
finekeys.sty"
Package: kvdefinekeys 2016/05/16 v1.4 Define keys (HO)
))
("C:\Users\radhouan\AppData\Local\Programs\MiKTeX 2.9\tex\latex\oberdiek\kvopti
ons.sty"
Package: kvoptions 2016/05/16 v3.12 Key value format for package options (HO)

("C:\Users\radhouan\AppData\Local\Programs\MiKTeX 2.9\tex\generic\oberdiek\kvse
tkeys.sty"
Package: kvsetkeys 2016/05/16 v1.17 Key value parser (HO)

("C:\Users\radhouan\AppData\Local\Programs\MiKTeX 2.9\tex\generic\oberdiek\etex
cmds.sty"
Package: etexcmds 2016/05/16 v1.6 Avoid name clashes with e-TeX commands (HO)
Package etexcmds Info: Could not find \expanded.
(etexcmds)             That can mean that you are not using pdfTeX 1.50 or
(etexcmds)             that some package has redefined \expanded.
(etexcmds)             In the latter case, load this package earlier.
)))
Package epstopdf-base Info: Redefining graphics rule for `.eps' on input line 4
38.
Package grfext Info: Graphics extension search list:
(grfext)             [.png,.pdf,.jpg,.mps,.jpeg,.jbig2,.jb2,.PNG,.PDF,.JPG,.JPE
G,.JBIG2,.JB2,.eps]
(grfext)             \AppendGraphicsExtensions on input line 456.
)
Package caption3 Info: Fixing ArabTeX on input line 92.
Package caption Info: Begin \AtBeginDocument code.
Package caption Info: End \AtBeginDocument code.

*geometry* driver: auto-detecting
*geometry* detected driver: pdftex
*geometry* verbose mode - [ preamble ] result:
* driver: pdftex
* paper: <default>
* layout: <same size as paper>
* layoutoffset:(h,v)=(0.0pt,0.0pt)
* modes: 
* h-part:(L,W,R)=(92.14519pt, 430.00462pt, 92.14519pt)
* v-part:(T,H,B)=(95.39737pt, 556.47656pt, 143.09605pt)
* \paperwidth=614.295pt
* \paperheight=794.96999pt
* \textwidth=430.00462pt
* \textheight=556.47656pt
* \oddsidemargin=19.8752pt
* \evensidemargin=19.8752pt
* \topmargin=-13.87262pt
* \headheight=12.0pt
* \headsep=25.0pt
* \topskip=12.0pt
* \footskip=30.0pt
* \marginparwidth=44.0pt
* \marginparsep=10.0pt
* \columnsep=10.0pt
* \skip\footins=10.8pt plus 4.0pt minus 2.0pt
* \hoffset=0.0pt
* \voffset=0.0pt
* \mag=1000
* \@twocolumnfalse
* \@twosidefalse
* \@mparswitchfalse
* \@reversemarginfalse
* (1in=72.27pt=25.4mm, 1cm=28.453pt)

("C:\Users\radhouan\AppData\Local\Programs\MiKTeX 2.9\tex\latex\ucs\ucsencs.def
"
File: ucsencs.def 2011/01/21 Fixes to fontencodings LGR, T3
)
\AtBeginShipoutBox=\box51

("C:\Users\radhouan\AppData\Local\Programs\MiKTeX 2.9\tex\latex\oberdiek\pdflsc
ape.sty"
Package: pdflscape 2016/05/14 v0.11 Display of landscape pages in PDF (HO)
Package pdflscape Info: Auto-detected driver: pdftex on input line 81.
)
("C:\Users\radhouan\AppData\Local\Programs\MiKTeX 2.9\tex\latex\arabtex\apatch.
sty"
\a@lines=\count156
\a@Lwidth=\dimen169
\a@displaywidth=\dimen170

("C:\Users\radhouan\AppData\Local\Programs\MiKTeX 2.9\tex\latex\arabtex\alocal.
sty" (ArabTeX) 3.11 local stub, 26.02.2006)
(ArabTeX) version 3.11s (02.07.2006): second phase of patching)
<coverPage.pdf, id=1, 597.51233pt x 845.0471pt>
File: coverPage.pdf Graphic file (type pdf)
 <use coverPage.pdf>
Package pdftex.def Info: coverPage.pdf used on input line 94.
(pdftex.def)             Requested size: 597.51086pt x 845.04504pt.
File: coverPage.pdf Graphic file (type pdf)

<use coverPage.pdf>
Package pdftex.def Info: coverPage.pdf used on input line 94.
(pdftex.def)             Requested size: 597.51086pt x 845.04504pt.
 <coverPage.pdf, id=4, page=1, 597.51233pt x 845.0471pt>
File: coverPage.pdf Graphic file (type pdf)

<use coverPage.pdf, page 1>
Package pdftex.def Info: coverPage.pdf, page1 used on input line 94.
(pdftex.def)             Requested size: 597.51086pt x 845.04504pt.
File: coverPage.pdf Graphic file (type pdf)
 <use coverPage.pdf, page 1>
Package pdftex.def Info: coverPage.pdf, page1 used on input line 94.
(pdftex.def)             Requested size: 562.12665pt x 795.00201pt.
File: coverPage.pdf Graphic file (type pdf)

<use coverPage.pdf, page 1>
Package pdftex.def Info: coverPage.pdf, page1 used on input line 94.
(pdftex.def)             Requested size: 562.12665pt x 795.00201pt.
File: coverPage.pdf Graphic file (type pdf)
 <use coverPage.pdf, page 1>
Package pdftex.def Info: coverPage.pdf, page1 used on input line 94.
(pdftex.def)             Requested size: 562.12665pt x 795.00201pt.
File: coverPage.pdf Graphic file (type pdf)

<use coverPage.pdf, page 1>
Package pdftex.def Info: coverPage.pdf, page1 used on input line 94.
(pdftex.def)             Requested size: 562.12665pt x 795.00201pt.
 [1

 <./coverPage.pdf{C:/Users/radhouan/AppData/Local/MiKTeX/2.9/pdftex/config/pdft
ex.map}>] (thanks.tex
Underfull \hbox (badness 10000) in paragraph at lines 2--20

 []


Underfull \hbox (badness 10000) in paragraph at lines 2--20

 []


Underfull \hbox (badness 10000) in paragraph at lines 2--20

 []


Underfull \hbox (badness 10000) in paragraph at lines 2--20

 []


Underfull \hbox (badness 10000) in paragraph at lines 2--20

 []


Underfull \hbox (badness 10000) in paragraph at lines 2--20

 []

) [2

] (main.toc [3

] [4])
\tf@toc=\write5
\openout5 = `main.toc'.

 [5] (main.lof [6

])
\tf@lof=\write6
\openout6 = `main.lof'.

 [7] (main.lot)
\tf@lot=\write7
\openout7 = `main.lot'.

 [8

] (chapter1.tex
Chapter 1.
("C:\Users\radhouan\AppData\Local\Programs\MiKTeX 2.9\tex\latex\ucs\uni-32.def"
File: uni-32.def 2013/05/13 UCS: Unicode data U+2000..U+20FF
) <Mass_logo.png, id=55, 100.375pt x 92.345pt>
File: Mass_logo.png Graphic file (type png)
 <use Mass_logo.png>
Package pdftex.def Info: Mass_logo.png used on input line 18.
(pdftex.def)             Requested size: 64.49806pt x 59.34154pt.

Underfull \hbox (badness 10000) in paragraph at lines 10--21

 []


Underfull \hbox (badness 10000) in paragraph at lines 10--21

 []

LaTeX Font Info:    Try loading font information for OMS+cmr on input line 23.
("C:\Users\radhouan\AppData\Local\Programs\MiKTeX 2.9\tex\latex\base\omscmr.fd"
File: omscmr.fd 2014/09/29 v2.5h Standard LaTeX font definitions
)
LaTeX Font Info:    Font shape `OMS/cmr/m/n' in size <12> not available
(Font)              Font shape `OMS/cmsy/m/n' tried instead on input line 23.
 <massTer_logo.png, id=57, 376.40625pt x 309.40594pt>
File: massTer_logo.png Graphic file (type png)
 <use massTer_logo.png>
Package pdftex.def Info: massTer_logo.png used on input line 26.
(pdftex.def)             Requested size: 43.00308pt x 35.34723pt.

[9


 <./Mass_logo.png>] <customers_logo.png, id=64, 870.25125pt x 566.86781pt>
File: customers_logo.png Graphic file (type png)

<use customers_logo.png>
Package pdftex.def Info: customers_logo.png used on input line 37.
(pdftex.def)             Requested size: 256.07123pt x 113.80403pt.

Underfull \hbox (badness 10000) in paragraph at lines 45--49

 []

[10 <./massTer_logo.png> <./customers_logo.png>]
Underfull \hbox (badness 10000) in paragraph at lines 50--54

 []


Underfull \hbox (badness 10000) in paragraph at lines 55--59

 []

[11]
Underfull \hbox (badness 10000) in paragraph at lines 65--69

 []

<sdlc_iterative.png, id=74, 481.8pt x 291.0875pt>
File: sdlc_iterative.png Graphic file (type png)
 <use sdlc_iterative.png>
Package pdftex.def Info: sdlc_iterative.png used on input line 72.
(pdftex.def)             Requested size: 398.35004pt x 227.62474pt.

Underfull \hbox (badness 10000) in paragraph at lines 78--82

 []

[12 <./sdlc_iterative.png>]
<TDD_Global_Lifecycle.png, id=79, 1924.94156pt x 1138.2525pt>
File: TDD_Global_Lifecycle.png Graphic file (type png)

<use TDD_Global_Lifecycle.png>
Package pdftex.def Info: TDD_Global_Lifecycle.png used on input line 85.
(pdftex.def)             Requested size: 369.88419pt x 227.61172pt.
 [13 <./TDD_Global_Lifecycle.png>]) [14]
(chapter2.tex
Chapter 2.
[15


]
Underfull \hbox (badness 10000) in paragraph at lines 20--24

 []

[16

] [17

] <GlobalUseCaseDiagram.png, id=97, 1550.79375pt x 1401.73688pt>
File: GlobalUseCaseDiagram.png Graphic file (type png)

<use GlobalUseCaseDiagram.png>
Package pdftex.def Info: GlobalUseCaseDiagram.png used on input line 89.
(pdftex.def)             Requested size: 469.45377pt x 455.23827pt.

Overfull \hbox (39.44914pt too wide) in paragraph at lines 89--90
 [][] 
 []

[18

 <./GlobalUseCaseDiagram.png>]
<connectToMassTerServer.png, id=102, 1410.0178pt x 811.53188pt>
File: connectToMassTerServer.png Graphic file (type png)

<use connectToMassTerServer.png>
Package pdftex.def Info: connectToMassTerServer.png used on input line 101.
(pdftex.def)             Requested size: 398.33078pt x 199.16757pt.
 [19

 <./connectToMassTerServer.png>]
<loadProject.png, id=108, 1577.895pt x 868.74562pt>
File: loadProject.png Graphic file (type png)
 <use loadProject.png>
Package pdftex.def Info: loadProject.png used on input line 132.
(pdftex.def)             Requested size: 398.32506pt x 199.171pt.

[20

 <./loadProject.png>] [21]
<manageReport.png, id=116, 1470.99562pt x 777.65532pt>
File: manageReport.png Graphic file (type png)
 <use manageReport.png>
Package pdftex.def Info: manageReport.png used on input line 203.
(pdftex.def)             Requested size: 455.24078pt x 256.0812pt.

Overfull \hbox (25.23616pt too wide) in paragraph at lines 203--204
 [][] 
 []

<runScenario.png, id=117, 1226.33156pt x 807.015pt>
File: runScenario.png Graphic file (type png)
 <use runScenario.png>
Package pdftex.def Info: runScenario.png used on input line 291.
(pdftex.def)             Requested size: 398.32849pt x 256.07048pt.

[22

 <./manageReport.png>] [23] [24 <./runScenario.png>]) [25

] (chapter3.tex
Chapter 3.

Underfull \hbox (badness 10000) in paragraph at lines 7--13

 []

[26


]
<DeploymentDiagramPhysicalArchitecture.png, id=136, 1480.02937pt x 1120.9378pt>
File: DeploymentDiagramPhysicalArchitecture.png Graphic file (type png)
<use DeploymentDiagramPhysicalArchitecture.png>
Package pdftex.def Info: DeploymentDiagramPhysicalArchitecture.png used on inpu
t line 26.
(pdftex.def)             Requested size: 469.46373pt x 341.43227pt.

Overfull \hbox (39.4591pt too wide) in paragraph at lines 26--27
 [][] 
 []

[27

 <./DeploymentDiagramPhysicalArchitecture.png>]
<logicalArchitecture.png, id=141, 1579.40062pt x 651.18282pt>
File: logicalArchitecture.png Graphic file (type png)

<use logicalArchitecture.png>
Package pdftex.def Info: logicalArchitecture.png used on input line 37.
(pdftex.def)             Requested size: 497.92352pt x 256.07669pt.

Overfull \hbox (67.9189pt too wide) in paragraph at lines 37--38
 [][] 
 []

[28

 <./logicalArchitecture.png>]
<packageDiagram.png, id=146, 1193.96063pt x 1223.32031pt>
File: packageDiagram.png Graphic file (type png)

<use packageDiagram.png>
Package pdftex.def Info: packageDiagram.png used on input line 58.
(pdftex.def)             Requested size: 430.00462pt x 440.58165pt.
 [29

 <./packageDiagram.png>]
<classDiagram.png, id=151, 2124.43687pt x 1181.91562pt>
File: classDiagram.png Graphic file (type png)
 <use classDiagram.png>
Package pdftex.def Info: classDiagram.png used on input line 68.
(pdftex.def)             Requested size: 497.91367pt x 398.32925pt.

Overfull \hbox (67.90904pt too wide) in paragraph at lines 68--69
 [][] 
 []

[30

 <./classDiagram.png>]
<SequenceDiagramDispalyMassTerInsight.png, id=156, 1819.5478pt x 587.19376pt>
File: SequenceDiagramDispalyMassTerInsight.png Graphic file (type png)

<use SequenceDiagramDispalyMassTerInsight.png>
Package pdftex.def Info: SequenceDiagramDispalyMassTerInsight.png used on input
 line 78.
(pdftex.def)             Requested size: 497.92007pt x 227.61586pt.

Overfull \hbox (67.91545pt too wide) in paragraph at lines 78--79
 [][] 
 []

[31

 <./SequenceDiagramDispalyMassTerInsight.png>]
<SequenceDiagramLoadProject.png, id=162, 3313.1278pt x 1757.06438pt>
File: SequenceDiagramLoadProject.png Graphic file (type png)

<use SequenceDiagramLoadProject.png>
Package pdftex.def Info: SequenceDiagramLoadProject.png used on input line 87.
(pdftex.def)             Requested size: 497.90826pt x 483.6902pt.

Overfull \hbox (67.90364pt too wide) in paragraph at lines 87--88
 [][] 
 []

[32

 <./SequenceDiagramLoadProject.png>]
<SequenceDiagramLoadReport.png, id=167, 3723.41063pt x 1948.27875pt>
File: SequenceDiagramLoadReport.png Graphic file (type png)

<use SequenceDiagramLoadReport.png>
Package pdftex.def Info: SequenceDiagramLoadReport.png used on input line 97.
(pdftex.def)             Requested size: 497.92314pt x 483.67947pt.

Overfull \hbox (67.91852pt too wide) in paragraph at lines 97--98
 [][] 
 []

[33

 <./SequenceDiagramLoadReport.png>]
<SequenceDiagramSaveReport.png, id=172, 3927.4228pt x 1362.59062pt>
File: SequenceDiagramSaveReport.png Graphic file (type png)

<use SequenceDiagramSaveReport.png>
Package pdftex.def Info: SequenceDiagramSaveReport.png used on input line 108.
(pdftex.def)             Requested size: 497.87825pt x 483.69188pt.

Overfull \hbox (67.87363pt too wide) in paragraph at lines 108--109
 [][] 
 []

[34

 <./SequenceDiagramSaveReport.png>]
<SequenceDiagramRemoveReport.png, id=177, 3673.725pt x 1379.90532pt>
File: SequenceDiagramRemoveReport.png Graphic file (type png)

<use SequenceDiagramRemoveReport.png>
Package pdftex.def Info: SequenceDiagramRemoveReport.png used on input line 118
.
(pdftex.def)             Requested size: 497.89346pt x 483.68999pt.

Overfull \hbox (67.88884pt too wide) in paragraph at lines 118--119
 [][] 
 []

[35

 <./SequenceDiagramRemoveReport.png>]
<SequenceDiagramUpdateSettings.png, id=182, 3673.725pt x 1379.90532pt>
File: SequenceDiagramUpdateSettings.png Graphic file (type png)

<use SequenceDiagramUpdateSettings.png>
Package pdftex.def Info: SequenceDiagramUpdateSettings.png used on input line 1
28.
(pdftex.def)             Requested size: 497.89346pt x 483.68999pt.

Overfull \hbox (67.88884pt too wide) in paragraph at lines 128--129
 [][] 
 []

[36

 <./SequenceDiagramUpdateSettings.png>]
<SequenceDiagramRunScenario.png, id=187, 3673.725pt x 1379.90532pt>
File: SequenceDiagramRunScenario.png Graphic file (type png)

<use SequenceDiagramRunScenario.png>
Package pdftex.def Info: SequenceDiagramRunScenario.png used on input line 139.

(pdftex.def)             Requested size: 497.89346pt x 483.68999pt.

Overfull \hbox (67.88884pt too wide) in paragraph at lines 139--140
 [][] 
 []

[37

 <./SequenceDiagramRunScenario.png>]
<SequenceDiagramSaveProject.png, id=193, 3264.195pt x 1847.40187pt>
File: SequenceDiagramSaveProject.png Graphic file (type png)

<use SequenceDiagramSaveProject.png>
Package pdftex.def Info: SequenceDiagramSaveProject.png used on input line 149.

(pdftex.def)             Requested size: 497.926pt x 483.69585pt.

Overfull \hbox (67.92137pt too wide) in paragraph at lines 149--150
 [][] 
 []

[38

 <./SequenceDiagramSaveProject.png>]
<SequenceDiagramSaveAsProject.png, id=198, 3264.195pt x 1847.40187pt>
File: SequenceDiagramSaveAsProject.png Graphic file (type png)

<use SequenceDiagramSaveAsProject.png>
Package pdftex.def Info: SequenceDiagramSaveAsProject.png used on input line 15
9.
(pdftex.def)             Requested size: 497.926pt x 483.69585pt.

Overfull \hbox (67.92137pt too wide) in paragraph at lines 159--160
 [][] 
 []

[39

 <./SequenceDiagramSaveAsProject.png>]) [40


] (chapter4.tex
Chapter 4.
<JAVAEE_logo.png, id=206, 649.42625pt x 277.035pt>
File: JAVAEE_logo.png Graphic file (type png)
 <use JAVAEE_logo.png>
Package pdftex.def Info: JAVAEE_logo.png used on input line 12.
(pdftex.def)             Requested size: 171.99922pt x 73.37164pt.

Underfull \hbox (badness 10000) in paragraph at lines 18--21

 []


Underfull \hbox (badness 10000) in paragraph at lines 18--21

 []

[41


 <./JAVAEE_logo.png>]
Underfull \hbox (badness 10000) in paragraph at lines 30--35

 []

<Java_statics.png, id=211, 685.8122pt x 351.56343pt>
File: Java_statics.png Graphic file (type png)
 <use Java_statics.png>
Package pdftex.def Info: Java_statics.png used on input line 49.
(pdftex.def)             Requested size: 301.00192pt x 154.30214pt.

<Java_rank.png, id=212, 686.565pt x 297.36093pt>
File: Java_rank.png Graphic file (type png)
 <use Java_rank.png>
Package pdftex.def Info: Java_rank.png used on input line 55.
(pdftex.def)             Requested size: 301.00192pt x 130.36732pt.
 [42]
[43 <./Java_statics.png> <./Java_rank.png>]
<AngularJS_logo.png, id=222, 376.40625pt x 376.40625pt>
File: AngularJS_logo.png Graphic file (type png)

<use AngularJS_logo.png>
Package pdftex.def Info: AngularJS_logo.png used on input line 67.
(pdftex.def)             Requested size: 129.00269pt x 129.0045pt.

Underfull \hbox (badness 10000) in paragraph at lines 71--79

 []


Underfull \hbox (badness 10000) in paragraph at lines 71--79

 []

[44

 <./AngularJS_logo.png>]
Overfull \hbox (13.74538pt too wide) in paragraph at lines 105--121
 [][] 
 []


Underfull \hbox (badness 10000) in paragraph at lines 97--122

 []

<AngularJS_statics_google_trends.png, id=227, 870.25125pt x 460.72125pt>
File: AngularJS_statics_google_trends.png Graphic file (type png)

<use AngularJS_statics_google_trends.png>
Package pdftex.def Info: AngularJS_statics_google_trends.png used on input line
 130.
(pdftex.def)             Requested size: 430.00462pt x 227.65349pt.
 [45] [46 <./AngularJS_statics_google_trends.png>] <Boostrap_logo.png, id=235, 
220.825pt x 221.82875pt>
File: Boostrap_logo.png Graphic file (type png)

<use Boostrap_logo.png>
Package pdftex.def Info: Boostrap_logo.png used on input line 142.
(pdftex.def)             Requested size: 85.9996pt x 86.39099pt.

Underfull \hbox (badness 10000) in paragraph at lines 146--151

 []

<Boostrap_statics_github.png, id=236, 773.89125pt x 414.04688pt>
File: Boostrap_statics_github.png Graphic file (type png)

<use Boostrap_statics_github.png>
Package pdftex.def Info: Boostrap_statics_github.png used on input line 162.
(pdftex.def)             Requested size: 441.01631pt x 256.08093pt.

Overfull \hbox (11.01169pt too wide) in paragraph at lines 162--163
 [][] 
 []


Overfull \hbox (8.11197pt too wide) in paragraph at lines 158--170
\T1/cmr/m/n/12 All the re-search shows that Boot-strap is The most pop-u-lar HT
ML, CSS, and JavaScript
 []

[47

 <./Boostrap_logo.png>]
<Boostrap_statics_google_trends.png, id=241, 1152.55594pt x 511.15968pt>
File: Boostrap_statics_google_trends.png Graphic file (type png)

<use Boostrap_statics_google_trends.png>
Package pdftex.def Info: Boostrap_statics_google_trends.png used on input line 
173.
(pdftex.def)             Requested size: 441.01828pt x 256.07057pt.

Overfull \hbox (11.01366pt too wide) in paragraph at lines 173--174
 [][] 
 []


LaTeX Warning: `!h' float specifier changed to `!ht'.

<Spring_logo.png, id=242, 803.0pt x 260.975pt>
File: Spring_logo.png Graphic file (type png)
 <use Spring_logo.png>
Package pdftex.def Info: Spring_logo.png used on input line 185.
(pdftex.def)             Requested size: 85.9996pt x 27.94675pt.

<workflow_spring_mvc.png, id=243, 812.03375pt x 512.91624pt>
File: workflow_spring_mvc.png Graphic file (type png)

<use workflow_spring_mvc.png>
Package pdftex.def Info: workflow_spring_mvc.png used on input line 191.
(pdftex.def)             Requested size: 441.00699pt x 284.531pt.

Overfull \hbox (11.00237pt too wide) in paragraph at lines 191--192
 [][] 
 []


Overfull \hbox (63.84442pt too wide) in paragraph at lines 182--195
\T1/cmr/m/n/12 The Spring Web model-view-controller (MVC) frame-work is de-sign
ed around a [][][][][][]
 []

[48 <./Boostrap_statics_github.png>] [49 <./Boostrap_statics_google_trends.png>
 <./Spring_logo.png>] [50 <./workflow_spring_mvc.png>]
Overfull \hbox (8.04813pt too wide) in paragraph at lines 204--205
[]\T1/cmr/m/n/12 View side you can in-te-grate with any UI frame-work like JSF,
 Ve-loc-ity, Freemarker
 []

<SpringMVC_statics_google_trends.png, id=258, 870.25125pt x 522.45187pt>
File: SpringMVC_statics_google_trends.png Graphic file (type png)

<use SpringMVC_statics_google_trends.png>
Package pdftex.def Info: SpringMVC_statics_google_trends.png used on input line
 235.
(pdftex.def)             Requested size: 344.005pt x 206.52168pt.

Underfull \hbox (badness 10000) in paragraph at lines 231--244

 []


LaTeX Warning: `!h' float specifier changed to `!ht'.

[51] <icon_tcserver.png, id=262, 128.48pt x 128.48pt>
File: icon_tcserver.png Graphic file (type png)
 <use icon_tcserver.png>
Package pdftex.def Info: icon_tcserver.png used on input line 250.
(pdftex.def)             Requested size: 43.00308pt x 43.00233pt.

Underfull \hbox (badness 10000) in paragraph at lines 255--260

 []

[52 <./SpringMVC_statics_google_trends.png> <./icon_tcserver.png>]
Overfull \hbox (1.60927pt too wide) in paragraph at lines 263--264
[]\T1/cmr/m/n/12 Pivotal tc Server re-quires sig-nif-i-cantly fewer re-sources 
than con-ven-tional servers. 
 []

<spring-tool-suite-project-logo.png, id=268, 214.8025pt x 237.88875pt>
File: spring-tool-suite-project-logo.png Graphic file (type png)

<use spring-tool-suite-project-logo.png>
Package pdftex.def Info: spring-tool-suite-project-logo.png used on input line 
274.
(pdftex.def)             Requested size: 43.00308pt x 47.62408pt.

<Maven_logo.png, id=269, 273.02pt x 69.058pt>
File: Maven_logo.png Graphic file (type png)
 <use Maven_logo.png>
Package pdftex.def Info: Maven_logo.png used on input line 288.
(pdftex.def)             Requested size: 43.00308pt x 10.87668pt.

Underfull \hbox (badness 10000) in paragraph at lines 291--296

 []

[53 <./spring-tool-suite-project-logo.png> <./Maven_logo.png>]
<HTML5_logo.png, id=275, 256.96pt x 256.96pt>
File: HTML5_logo.png Graphic file (type png)
 <use HTML5_logo.png>
Package pdftex.def Info: HTML5_logo.png used on input line 305.
(pdftex.def)             Requested size: 43.00308pt x 43.00038pt.

Overfull \hbox (26.35468pt too wide) in paragraph at lines 308--309
[]\T1/cmr/m/n/12 HTML5 is the last ver-sion of HTML, it comes with new se-man-t
ics tags (header,aside,...)
 []

<logocloudforge.png, id=276, 147.4308pt x 108.405pt>
File: logocloudforge.png Graphic file (type png)
 <use logocloudforge.png>
Package pdftex.def Info: logocloudforge.png used on input line 321.
(pdftex.def)             Requested size: 85.9996pt x 63.23387pt.

[54 <./HTML5_logo.png>]
Underfull \hbox (badness 10000) in paragraph at lines 331--336

 []

[55 <./logocloudforge.png>]
Overfull \hbox (67.53235pt too wide) in paragraph at lines 364--376
 [][] 
 []

<aws-logo.png, id=286, 602.25pt x 401.5pt>
File: aws-logo.png Graphic file (type png)
 <use aws-logo.png>
Package pdftex.def Info: aws-logo.png used on input line 386.
(pdftex.def)             Requested size: 85.9996pt x 57.33073pt.


LaTeX Warning: `!h' float specifier changed to `!ht'.


Underfull \hbox (badness 10000) in paragraph at lines 393--397

 []

[56] <ElasticBeanstalkApplication.png, id=290, 1445.4pt x 691.83469pt>
File: ElasticBeanstalkApplication.png Graphic file (type png)

<use ElasticBeanstalkApplication.png>
Package pdftex.def Info: ElasticBeanstalkApplication.png used on input line 400
.
(pdftex.def)             Requested size: 483.6882pt x 199.17012pt.

Overfull \hbox (53.68358pt too wide) in paragraph at lines 400--401
 [][] 
 []

[57 <./aws-logo.png> <./ElasticBeanstalkApplication.png>]
<massTerInsightDashboard.png, id=296, 1445.4pt x 694.84593pt>
File: massTerInsightDashboard.png Graphic file (type png)

<use massTerInsightDashboard.png>
Package pdftex.def Info: massTerInsightDashboard.png used on input line 409.
(pdftex.def)             Requested size: 483.6882pt x 199.1676pt.

Overfull \hbox (53.68358pt too wide) in paragraph at lines 409--410
 [][] 
 []

<1.png, id=297, 1445.4pt x 782.17218pt>
File: 1.png Graphic file (type png)
 <use 1.png>
Package pdftex.def Info: 1.png used on input line 417.
(pdftex.def)             Requested size: 483.6882pt x 199.17079pt.

Overfull \hbox (53.68358pt too wide) in paragraph at lines 417--418
 [][] 
 []

[58

 <./massTerInsightDashboard.png> <./1.png>]
<2.png, id=303, 1445.4pt x 783.67781pt>
File: 2.png Graphic file (type png)
 <use 2.png>
Package pdftex.def Info: 2.png used on input line 427.
(pdftex.def)             Requested size: 483.6882pt x 199.15956pt.

Overfull \hbox (53.68358pt too wide) in paragraph at lines 427--428
 [][] 
 []

<3.png, id=304, 1445.4pt x 783.67781pt>
File: 3.png Graphic file (type png)
 <use 3.png>
Package pdftex.def Info: 3.png used on input line 435.
(pdftex.def)             Requested size: 483.6882pt x 199.15956pt.

Overfull \hbox (53.68358pt too wide) in paragraph at lines 435--436
 [][] 
 []

[59

 <./2.png> <./3.png>] <4.png, id=310, 1445.4pt x 783.67781pt>
File: 4.png Graphic file (type png)
 <use 4.png>
Package pdftex.def Info: 4.png used on input line 444.
(pdftex.def)             Requested size: 483.6882pt x 199.15956pt.

Overfull \hbox (53.68358pt too wide) in paragraph at lines 444--445
 [][] 
 []

<5.png, id=311, 1445.4pt x 784.43062pt>
File: 5.png Graphic file (type png)
 <use 5.png>
Package pdftex.def Info: 5.png used on input line 452.
(pdftex.def)             Requested size: 483.6882pt x 199.15938pt.

Overfull \hbox (53.68358pt too wide) in paragraph at lines 452--453
 [][] 
 []

[60

 <./4.png> <./5.png>] <6.png, id=317, 1445.4pt x 785.18344pt>
File: 6.png Graphic file (type png)
 <use 6.png>
Package pdftex.def Info: 6.png used on input line 461.
(pdftex.def)             Requested size: 483.6882pt x 199.17079pt.

Overfull \hbox (53.68358pt too wide) in paragraph at lines 461--462
 [][] 
 []

<7.png, id=318, 1445.4pt x 784.43062pt>
File: 7.png Graphic file (type png)
 <use 7.png>
Package pdftex.def Info: 7.png used on input line 469.
(pdftex.def)             Requested size: 483.6882pt x 199.15938pt.

Overfull \hbox (53.68358pt too wide) in paragraph at lines 469--470
 [][] 
 []

[61

 <./6.png> <./7.png>] <8.png, id=325, 1445.4pt x 784.43062pt>
File: 8.png Graphic file (type png)
 <use 8.png>
Package pdftex.def Info: 8.png used on input line 478.
(pdftex.def)             Requested size: 483.6882pt x 199.15938pt.

Overfull \hbox (53.68358pt too wide) in paragraph at lines 478--479
 [][] 
 []

<9.png, id=326, 1445.4pt x 786.68906pt>
File: 9.png Graphic file (type png)
 <use 9.png>
Package pdftex.def Info: 9.png used on input line 486.
(pdftex.def)             Requested size: 483.6882pt x 199.16858pt.

Overfull \hbox (53.68358pt too wide) in paragraph at lines 486--487
 [][] 
 []

[62

 <./8.png> <./9.png>] <10.png, id=332, 1445.4pt x 783.67781pt>
File: 10.png Graphic file (type png)
 <use 10.png>
Package pdftex.def Info: 10.png used on input line 495.
(pdftex.def)             Requested size: 483.6882pt x 199.15956pt.

Overfull \hbox (53.68358pt too wide) in paragraph at lines 495--496
 [][] 
 []

<11.png, id=333, 1445.4pt x 783.67781pt>
File: 11.png Graphic file (type png)
 <use 11.png>
Package pdftex.def Info: 11.png used on input line 503.
(pdftex.def)             Requested size: 483.6882pt x 199.15956pt.

Overfull \hbox (53.68358pt too wide) in paragraph at lines 503--504
 [][] 
 []

[63

 <./10.png> <./11.png>] <ec2Instance.png, id=339, 1445.4pt x 692.5875pt>
File: ec2Instance.png Graphic file (type png)

<use ec2Instance.png>
Package pdftex.def Info: ec2Instance.png used on input line 516.
(pdftex.def)             Requested size: 483.6882pt x 256.0737pt.

Overfull \hbox (53.68358pt too wide) in paragraph at lines 516--517
 [][] 
 []

) [64

 <./ec2Instance.png>] (lib.tex
LaTeX Font Info:    Try loading font information for T1+cmtt on input line 5.

("C:\Users\radhouan\AppData\Local\Programs\MiKTeX 2.9\tex\latex\base\t1cmtt.fd"
File: t1cmtt.fd 2014/09/29 v2.5h Standard LaTeX font definitions
)
Overfull \hbox (8.06752pt too wide) in paragraph at lines 39--41
\T1/cmtt/m/n/12 https://docs.spring.io/spring/docs/3.2.x/spring-framework-refer
ence/ 
 []


Overfull \hbox (63.62895pt too wide) in paragraph at lines 43--45
\T1/cmtt/m/n/12 https://tcserver.docs.pivotal.io/3x/docs-tcserver/topics/about-
tc-server.html 
 []

[65


]) [66]

pdfTeX warning: pdflatex.exe (file ./abstract.pdf): PDF inclusion: found PDF ve
rsion <1.7>, but at most version <1.5> allowed
<abstract.pdf, id=351, 597.55246pt x 845.07718pt>
File: abstract.pdf Graphic file (type pdf)
 <use abstract.pdf>
Package pdftex.def Info: abstract.pdf used on input line 133.
(pdftex.def)             Requested size: 597.551pt x 845.07512pt.


pdfTeX warning: pdflatex.exe (file ./abstract.pdf): PDF inclusion: found PDF ve
rsion <1.7>, but at most version <1.5> allowed
File: abstract.pdf Graphic file (type pdf)
<use abstract.pdf>
Package pdftex.def Info: abstract.pdf used on input line 133.
(pdftex.def)             Requested size: 597.551pt x 845.07512pt.


pdfTeX warning: pdflatex.exe (file ./abstract.pdf): PDF inclusion: found PDF ve
rsion <1.7>, but at most version <1.5> allowed


pdfTeX warning: pdflatex.exe (file ./abstract.pdf): PDF inclusion: found PDF ve
rsion <1.7>, but at most version <1.5> allowed
<abstract.pdf, id=354, page=1, 597.55246pt x 845.07718pt>
File: abstract.pdf Graphic file (type pdf)

<use abstract.pdf, page 1>
Package pdftex.def Info: abstract.pdf, page1 used on input line 133.
(pdftex.def)             Requested size: 597.551pt x 845.07512pt.
File: abstract.pdf Graphic file (type pdf)
 <use abstract.pdf, page 1>
Package pdftex.def Info: abstract.pdf, page1 used on input line 133.
(pdftex.def)             Requested size: 562.1644pt x 795.0303pt.
File: abstract.pdf Graphic file (type pdf)

<use abstract.pdf, page 1>
Package pdftex.def Info: abstract.pdf, page1 used on input line 133.
(pdftex.def)             Requested size: 562.1644pt x 795.0303pt.
File: abstract.pdf Graphic file (type pdf)
 <use abstract.pdf, page 1>
Package pdftex.def Info: abstract.pdf, page1 used on input line 133.
(pdftex.def)             Requested size: 562.1644pt x 795.0303pt.
File: abstract.pdf Graphic file (type pdf)

<use abstract.pdf, page 1>
Package pdftex.def Info: abstract.pdf, page1 used on input line 133.
(pdftex.def)             Requested size: 562.1644pt x 795.0303pt.
 [67

 <./abstract.pdf>] (main.aux)

 *File List*
  report.cls    2014/09/29 v1.4h Standard LaTeX document class
  size12.clo    2014/09/29 v1.4h Standard LaTeX file (size option)
graphicx.sty    2014/10/28 v1.0g Enhanced LaTeX Graphics (DPC,SPQR)
  keyval.sty    2014/10/28 v1.15 key=value parser (DPC)
graphics.sty    2017/04/14 v1.1b Standard LaTeX Graphics (DPC,SPQR)
    trig.sty    2016/01/03 v1.10 sin cos tan (DPC)
graphics.cfg    2016/06/04 v1.11 sample graphics configuration
  pdftex.def    2017/01/12 v0.06k Graphics/color for pdfTeX
infwarerr.sty    2016/05/16 v1.4 Providing info/warning/error messages (HO)
 ltxcmds.sty    2016/05/16 v1.23 LaTeX kernel commands for general use (HO)
adjustbox.sty    2012/05/21 v1.0 Adjusting TeX boxes (trim, clip, ...)
 xkeyval.sty    2014/12/03 v2.7a package option processing (HA)
 xkeyval.tex    2014/12/03 v2.7a key=value parser (HA)
 adjcalc.sty    2012/05/16 v1.1 Provides advanced setlength with multiple back-
ends (calc, etex, pgfmath)
trimclip.sty    2012/05/16 v1.0 Trim and clip general TeX material
collectbox.sty    2012/05/17 v0.4b Collect macro arguments as boxes
tc-pdftex.def    2012/05/13 v1.0 Clipping driver for pdftex
ifoddpage.sty    2016/04/23 v1.1 Conditionals for odd/even page detection
varwidth.sty    2009/03/30 ver 0.92;  Variable-width minipages
afterpage.sty    2014/10/28 v1.08 After-Page Package (DPC)
placeins.sty    2005/04/18  v 2.2
 caption.sty    2016/02/21 v3.3-144 Customizing captions (AR)
caption3.sty    2016/05/22 v1.7-166 caption3 kernel (AR)
changepage.sty    2009/10/20 v1.0c check page and change page layout
geometry.sty    2010/09/12 v5.6 Page Geometry
   ifpdf.sty    2017/03/15 v3.2 Provides the ifpdf switch
  ifvtex.sty    2016/05/16 v1.6 Detect VTeX and its facilities (HO)
 ifxetex.sty    2010/09/12 v0.6 Provides ifxetex conditional
geometry.cfg
  lscape.sty    2000/10/22 v3.01 Landscape Pages (DPC)
enumitem.sty    2011/09/28 v3.5.2 Customized lists
 fontenc.sty
   t1enc.def    2017/04/05 v2.0i Standard LaTeX file
   color.sty    2016/07/10 v1.1e Standard LaTeX Color (DPC)
   color.cfg    2016/01/02 v1.6 sample color configuration
dvipsnam.def    2016/06/17 v3.0m Driver-dependent file (DPC,SPQR)
   babel.sty    2017/05/19 3.10 The Babel package
 bblopts.cfg    2005/09/08 v0.1 add Arabic and Farsi to "declared" options of b
abel
 english.ldf    2017/01/24 v3.3q English support from the babel system
inputenc.sty    2015/03/17 v1.2c Input encoding file
   utf8x.def    2004/10/17 UCS: Input encoding UTF-8
     ucs.sty    2013/05/11 v2.2 UCS: Unicode input support
uni-global.def    2013/05/13 UCS: Unicode global data
 amsmath.sty    2016/11/05 v2.16a AMS math features
 amstext.sty    2000/06/29 v2.01 AMS text
  amsgen.sty    1999/11/30 v2.0 generic functions
  amsbsy.sty    1999/11/29 v1.2d Bold Symbols
  amsopn.sty    2016/03/08 v2.02 operator names
subfiles.sty    2012/05/23 Federico Garcia
verbatim.sty    2014/10/28 v1.5q LaTeX2e package for verbatim enhancements
pdfpages.sty    2017/10/31 v0.5l Insert pages of external PDF documents (AM)
  ifthen.sty    2014/09/29 v1.1c Standard LaTeX ifthen package (DPC)
    calc.sty    2014/10/28 v4.3 Infix arithmetic (KKT,FJ)
 eso-pic.sty    2015/07/21 v2.0g eso-pic (RN)
atbegshi.sty    2016/06/09 v1.18 At begin shipout hook (HO)
pppdftex.def    2017/10/31 v0.5l Pdfpages driver for pdfTeX (AM)
 arabtex.sty    2003/08/22  3.11 ArabTeX main module
 arabaux.sty    2003/05/21  3.11 auxiliary macros for ArabTeX
    acmd.sty    2003/08/20  3.11 Arabic command processing 
  afonts.sty    1995/11/16  3.04 define Naskh font 
 afonts2.sty    1998/10/19  3.10 define Naskh fonts for LaTeX2e
   ascan.sty    2003/08/22  3.11 standard ZDMG input encoding 
  aparse.sty    2003/05/26  3.11 get syllables 
  awrite.sty    2003/06/05  3.11 build output word 
xarbsymb.sty    1998/07/15  3.07 symbolic output encoding 
arabskel.sty    2000/06/04  3.10 character skeleton definitions 
xarbskel.sty    1999/07/17  3.09 character skeleton definitions 
  aboxes.sty    2003/05/28  3.11 build output boxes
arabtoks.sty    1999/07/17  3.09 ArabTeX CS token definitions 
arabchrs.sty    1998/07/11  3.07 letter token definitions 
   aligs.sty    2003/05/26  3.11 compute ligatures
 aoutput.sty    2000/06/04  3.10 build output lines
  abidir.sty    2003/08/22  3.11 bidirectional linebreaking
  atrans.sty    2003/06/14  3.11 generate the transliteration 
  alatex.sty    2003/05/04  3.11 ArabTeX extensions for LaTeX 
   afoot.sty    2003/05/12  3.11 ArabTeX footnotes
   abjad.sty    2003/04/26  3.11 abjad numerals 
  apatch.sty    2006/07/02  3.11s last minute patches 
  alists.sty    2003/04/26  3.11 inverted list macros
   asect.sty    2003/04/26  3.11 section macros for Arabic
   atabg.sty    1997/01/21  3.05 LaTeX tabbing macros for Arabic
    utf8.sty    2000/06/13  3.10 UTF-8 input encoding 
 utfcode.sty    2002/03/07  3.10a Arabic+Hebrew segment of UTF-8
anyfontsize.sty    2007/11/22 anyfontsize.sty by pts
supp-pdf.mkii
pdftexcmds.sty    2017/03/19 v0.25 Utility functions of pdfTeX for LuaTeX (HO)
ifluatex.sty    2016/05/16 v1.4 Provides the ifluatex switch (HO)
epstopdf-base.sty    2016/05/15 v2.6 Base part for package epstopdf
  grfext.sty    2016/05/16 v1.2 Manage graphics extensions (HO)
kvdefinekeys.sty    2016/05/16 v1.4 Define keys (HO)
kvoptions.sty    2016/05/16 v3.12 Key value format for package options (HO)
kvsetkeys.sty    2016/05/16 v1.17 Key value parser (HO)
etexcmds.sty    2016/05/16 v1.6 Avoid name clashes with e-TeX commands (HO)
 ucsencs.def    2011/01/21 Fixes to fontencodings LGR, T3
pdflscape.sty    2016/05/14 v0.11 Display of landscape pages in PDF (HO)
  apatch.sty    2006/07/02  3.11s last minute patches 
coverPage.pdf    Graphic file (type pdf)
coverPage.pdf    Graphic file (type pdf)
coverPage.pdf    Graphic file (type pdf)
coverPage.pdf    Graphic file (type pdf)
  thanks.tex
chapter1.tex
  uni-32.def    2013/05/13 UCS: Unicode data U+2000..U+20FF
Mass_logo.png    Graphic file (type png)
  omscmr.fd    2014/09/29 v2.5h Standard LaTeX font definitions
massTer_logo.png    Graphic file (type png)
customers_logo.png    Graphic file (type png)
sdlc_iterative.png    Graphic file (type png)
TDD_Global_Lifecycle.png    Graphic file (type png)
chapter2.tex
GlobalUseCaseDiagram.png    Graphic file (type png)
connectToMassTerServer.png    Graphic file (type png)
loadProject.png    Graphic file (type png)
manageReport.png    Graphic file (type png)
runScenario.png    Graphic file (type png)
chapter3.tex
DeploymentDiagramPhysicalArchitecture.png    Graphic file (type png)
logicalArchitecture.png    Graphic file (type png)
packageDiagram.png    Graphic file (type png)
classDiagram.png    Graphic file (type png)
SequenceDiagramDispalyMassTerInsight.png    Graphic file (type png)
SequenceDiagramLoadProject.png    Graphic file (type png)
SequenceDiagramLoadReport.png    Graphic file (type png)
SequenceDiagramSaveReport.png    Graphic file (type png)
SequenceDiagramRemoveReport.png    Graphic file (type png)
SequenceDiagramUpdateSettings.png    Graphic file (type png)
SequenceDiagramRunScenario.png    Graphic file (type png)
SequenceDiagramSaveProject.png    Graphic file (type png)
SequenceDiagramSaveAsProject.png    Graphic file (type png)
chapter4.tex
JAVAEE_logo.png    Graphic file (type png)
Java_statics.png    Graphic file (type png)
Java_rank.png    Graphic file (type png)
AngularJS_logo.png    Graphic file (type png)
AngularJS_statics_google_trends.png    Graphic file (type png)
Boostrap_logo.png    Graphic file (type png)
Boostrap_statics_github.png    Graphic file (type png)
Boostrap_statics_google_trends.png    Graphic file (type png)
Spring_logo.png    Graphic file (type png)
workflow_spring_mvc.png    Graphic file (type png)
SpringMVC_statics_google_trends.png    Graphic file (type png)
icon_tcserver.png    Graphic file (type png)
spring-tool-suite-project-logo.png    Graphic file (type png)
Maven_logo.png    Graphic file (type png)
HTML5_logo.png    Graphic file (type png)
logocloudforge.png    Graphic file (type png)
aws-logo.png    Graphic file (type png)
ElasticBeanstalkApplication.png    Graphic file (type png)
massTerInsightDashboard.png    Graphic file (type png)
       1.png    Graphic file (type png)
       2.png    Graphic file (type png)
       3.png    Graphic file (type png)
       4.png    Graphic file (type png)
       5.png    Graphic file (type png)
       6.png    Graphic file (type png)
       7.png    Graphic file (type png)
       8.png    Graphic file (type png)
       9.png    Graphic file (type png)
      10.png    Graphic file (type png)
      11.png    Graphic file (type png)
ec2Instance.png    Graphic file (type png)
     lib.tex
  t1cmtt.fd    2014/09/29 v2.5h Standard LaTeX font definitions
abstract.pdf    Graphic file (type pdf)
abstract.pdf    Graphic file (type pdf)
abstract.pdf    Graphic file (type pdf)
abstract.pdf    Graphic file (type pdf)
 ***********

 ) 
Here is how much of TeX's memory you used:
 9734 strings out of 493323
 141238 string characters out of 3128713
 239930 words of memory out of 3000000
 12925 multiletter control sequences out of 15000+200000
 14221 words of font info for 36 fonts, out of 3000000 for 9000
 1141 hyphenation exceptions out of 8191
 53i,18n,92p,821b,535s stack positions out of 5000i,500n,10000p,200000b,50000s
 <C:\Users\radhouan\AppData\Local\MiKTeX\2.9\fonts\pk\ljfour\jknappen\ec\dpi6
00\ectt1200.pk> <C:\Users\radhouan\AppData\Local\MiKTeX\2.9\fonts\pk\ljfour\jkn
appen\ec\dpi600\ecbx1440.pk> <C:\Users\radhouan\AppData\Local\MiKTeX\2.9\fonts\
pk\ljfour\jknappen\ec\dpi600\ecbx1728.pk> <C:\Users\radhouan\AppData\Local\MiKT
eX\2.9\fonts\pk\ljfour\jknappen\ec\dpi600\ecbx1200.pk> <C:\Users\radhouan\AppDa
ta\Local\MiKTeX\2.9\fonts\pk\ljfour\jknappen\ec\dpi600\ecrm1200.pk> <C:\Users\r
adhouan\AppData\Local\MiKTeX\2.9\fonts\pk\ljfour\jknappen\ec\dpi600\ecbx2488.pk
><C:/Users/radhouan/AppData/Local/Programs/MiKTeX 2.9/fonts/type1/public/amsfon
ts/cm/cmsy10.pfb><C:/Users/radhouan/AppData/Local/Programs/MiKTeX 2.9/fonts/typ
e1/urw/times/utmb8a.pfb><C:/Users/radhouan/AppData/Local/Programs/MiKTeX 2.9/fo
nts/type1/urw/times/utmbi8a.pfb><C:/Users/radhouan/AppData/Local/Programs/MiKTe
X 2.9/fonts/type1/urw/times/utmr8a.pfb>
Output written on main.pdf (67 pages, 11961042 bytes).
PDF statistics:
 750 PDF objects out of 1000 (max. 8388607)
 0 named destinations out of 1000 (max. 500000)
 311 words of extra memory for PDF output out of 10000 (max. 10000000)

